mplight	TRAIN	0	125.8	nan	-5.43	10.61	0.45	2805
mplight	TEST	0	104.1	100.0	-5.17	10.14	0.42	2768
mplight	TRAIN	1	100.1	0.5	-4.10	8.07	0.39	2783
mplight	TEST	1	117.2	100.0	-5.45	10.32	0.44	2805
mplight	TRAIN	2	115.3	0.4	-4.87	10.00	0.43	2788
mplight	TEST	2	122.3	100.0	-5.34	11.20	0.45	2801
mplight	TRAIN	3	108.0	0.4	-3.91	8.66	0.42	2801
mplight	TEST	3	108.2	100.0	-4.14	8.20	0.41	2801
mplight	TRAIN	4	128.0	0.5	-4.40	9.80	0.44	2764
mplight	TEST	4	123.5	100.0	-5.07	10.12	0.44	2789
mplight	TRAIN	5	98.6	0.5	-3.69	7.99	0.40	2793
mplight	TEST	5	106.6	100.0	-4.33	9.05	0.43	2806
mplight	TRAIN	6	132.6	0.6	-4.59	10.60	0.45	2766
mplight	TEST	6	140.6	100.0	-5.78	11.44	0.46	2806
mplight	TRAIN	7	113.8	0.7	-3.66	8.14	0.41	2793
mplight	TEST	7	116.1	100.0	-4.75	9.87	0.43	2798
mplight	TRAIN	8	108.5	0.7	-4.55	8.42	0.43	2804
mplight	TEST	8	108.5	100.0	-3.39	6.88	0.40	2770
mplight	TRAIN	9	99.8	0.8	-4.42	8.63	0.42	2799
mplight	TEST	9	99.2	100.0	-3.31	7.15	0.41	2805
mplight	TRAIN	10	123.3	0.9	-3.99	8.76	0.43	2777
mplight	TEST	10	112.3	100.0	-3.61	7.38	0.40	2794
mplight	TRAIN	11	106.2	0.9	-3.66	7.87	0.42	2774
mplight	TEST	11	102.6	100.0	-4.14	8.12	0.41	2805
mplight	TRAIN	12	108.8	1.0	-4.32	9.71	0.42	2768
mplight	TEST	12	112.5	100.0	-4.09	8.35	0.42	2814
mplight	TRAIN	13	96.8	1.0	-3.55	7.32	0.40	2764
mplight	TEST	13	92.4	100.0	-3.24	6.81	0.42	2806
mplight	TRAIN	14	108.4	0.9	-3.45	7.38	0.40	2812
mplight	TEST	14	106.1	100.0	-3.62	7.82	0.41	2783
mplight	TRAIN	15	95.3	0.9	-3.96	8.04	0.41	2785
mplight	TEST	15	101.3	100.0	-3.39	7.59	0.40	2807
mplight	TRAIN	16	106.8	0.8	-3.35	7.42	0.39	2800
mplight	TEST	16	95.7	100.0	-3.45	6.95	0.39	2801
mplight	TRAIN	17	93.4	0.8	-3.25	6.51	0.38	2808
mplight	TEST	17	98.1	100.0	-3.21	6.76	0.39	2802
mplight	TRAIN	18	112.4	0.8	-3.11	7.14	0.41	2763
mplight	TEST	18	109.3	100.0	-3.16	6.74	0.40	2803
mplight	TRAIN	19	111.1	0.8	-3.16	6.87	0.38	2779
mplight	TEST	19	106.6	100.0	-3.05	6.26	0.39	2799
mplight	TRAIN	20	106.6	0.7	-3.19	6.87	0.38	2787
mplight	TEST	20	115.0	100.0	-3.66	7.81	0.41	2805
mplight	TRAIN	21	113.0	0.6	-3.68	7.48	0.41	2797
mplight	TEST	21	98.4	100.0	-3.17	6.70	0.38	2806
mplight	TRAIN	22	109.1	0.6	-3.72	7.98	0.41	2802
mplight	TEST	22	98.6	100.0	-3.13	6.84	0.39	2798
mplight	TRAIN	23	103.8	0.5	-3.30	6.80	0.39	2815
mplight	TEST	23	94.3	100.0	-2.56	5.68	0.38	2800
mplight	TRAIN	24	88.6	0.5	-2.78	5.52	0.38	2809
mplight	TEST	24	93.6	100.0	-2.73	5.97	0.38	2807
mplight	TRAIN	25	101.0	0.5	-3.36	7.20	0.39	2795
mplight	TEST	25	95.4	100.0	-3.04	6.56	0.39	2769
mplight	TRAIN	26	105.2	0.5	-3.03	6.74	0.40	2789
mplight	TEST	26	86.3	100.0	-2.82	5.92	0.36	2804
mplight	TRAIN	27	93.6	0.5	-2.52	5.31	0.35	2811
mplight	TEST	27	93.3	100.0	-2.80	6.09	0.37	2774
mplight	TRAIN	28	123.2	0.5	-3.18	7.14	0.40	2812
mplight	TEST	28	91.9	100.0	-2.56	5.38	0.36	2818
mplight	TRAIN	29	94.1	0.5	-2.62	5.91	0.36	2799
mplight	TEST	29	93.9	100.0	-2.78	5.71	0.37	2817
mplight	TRAIN	30	82.9	0.5	-2.38	5.14	0.36	2807
mplight	TEST	30	98.3	100.0	-2.63	5.91	0.37	2792
mplight	TRAIN	31	86.4	0.6	-2.48	5.37	0.36	2789
mplight	TEST	31	79.9	100.0	-2.37	4.84	0.35	2816
mplight	TRAIN	32	122.2	0.5	-4.57	10.85	0.43	2796
mplight	TEST	32	95.5	100.0	-2.90	6.81	0.37	2799
mplight	TRAIN	33	98.0	0.6	-3.33	7.07	0.39	2780
mplight	TEST	33	105.2	100.0	-3.34	6.92	0.39	2786
mplight	TRAIN	34	84.3	0.6	-2.32	5.19	0.35	2805
mplight	TEST	34	95.7	100.0	-2.85	6.59	0.37	2803
mplight	TRAIN	35	86.7	0.6	-2.33	5.14	0.36	2803
mplight	TEST	35	91.8	100.0	-2.46	5.42	0.37	2812
mplight	TRAIN	36	89.2	0.6	-2.66	5.76	0.36	2789
mplight	TEST	36	96.5	100.0	-2.35	4.90	0.36	2796
mplight	TRAIN	37	90.0	0.6	-1.88	4.26	0.35	2790
mplight	TEST	37	112.2	100.0	-2.84	6.40	0.38	2814
mplight	TRAIN	38	89.4	0.6	-2.69	5.86	0.37	2784
mplight	TEST	38	82.5	100.0	-2.23	4.85	0.36	2807
mplight	TRAIN	39	105.6	0.7	-3.17	7.15	0.36	2816
mplight	TEST	39	90.4	100.0	-2.23	4.93	0.37	2795
mplight	TRAIN	40	98.8	0.7	-2.64	6.09	0.36	2788
mplight	TEST	40	93.7	100.0	-2.78	6.19	0.38	2806
mplight	TRAIN	41	88.3	0.7	-2.54	5.41	0.36	2809
mplight	TEST	41	92.5	100.0	-2.16	4.93	0.35	2809
mplight	TRAIN	42	82.9	0.6	-2.26	4.68	0.35	2813
mplight	TEST	42	115.2	100.0	-2.41	5.33	0.35	2815
mplight	TRAIN	43	104.8	0.5	-2.27	5.17	0.36	2801
mplight	TEST	43	92.8	100.0	-2.17	4.62	0.36	2802
mplight	TRAIN	44	96.6	0.5	-2.26	4.82	0.37	2793
mplight	TEST	44	88.1	100.0	-2.08	4.83	0.35	2814
mplight	TRAIN	45	88.4	0.5	-2.21	4.93	0.35	2792
mplight	TEST	45	77.4	100.0	-1.72	4.06	0.33	2802
mplight	TRAIN	46	92.7	0.5	-2.39	5.67	0.36	2784
mplight	TEST	46	84.5	100.0	-2.06	4.44	0.35	2801
mplight	TRAIN	47	84.5	0.4	-2.07	4.53	0.34	2820
mplight	TEST	47	90.4	100.0	-2.44	5.76	0.34	2782
mplight	TRAIN	48	85.6	0.4	-2.01	4.50	0.35	2799
mplight	TEST	48	98.9	100.0	-2.15	4.97	0.36	2808
mplight	TRAIN	49	89.2	0.4	-2.28	5.21	0.35	2795
mplight	TEST	49	96.9	100.0	-2.10	4.55	0.35	2804
mplight	TRAIN	50	79.6	0.3	-1.70	3.90	0.33	2812
mplight	TEST	50	86.5	100.0	-1.90	4.33	0.34	2811
mplight	TRAIN	51	89.8	0.3	-1.81	4.18	0.33	2803
mplight	TEST	51	94.2	100.0	-2.12	5.12	0.35	2789
mplight	TRAIN	52	96.5	0.3	-2.27	5.40	0.35	2799
mplight	TEST	52	86.4	100.0	-1.77	4.11	0.32	2793
mplight	TRAIN	53	79.9	0.3	-1.80	4.01	0.33	2818
mplight	TEST	53	85.4	100.0	-1.85	4.17	0.34	2811
mplight	TRAIN	54	95.3	0.3	-2.29	5.26	0.36	2783
mplight	TEST	54	81.0	100.0	-1.84	4.34	0.34	2818
mplight	TRAIN	55	85.8	0.4	-1.94	4.32	0.34	2801
mplight	TEST	55	83.1	100.0	-1.88	4.24	0.33	2810
mplight	TRAIN	56	84.6	0.3	-1.76	4.14	0.32	2785
mplight	TEST	56	90.8	100.0	-2.62	6.32	0.37	2793
mplight	TRAIN	57	85.6	0.3	-2.40	5.60	0.35	2751
mplight	TEST	57	88.9	100.0	-2.36	5.57	0.36	2803
mplight	TRAIN	58	87.8	0.4	-2.04	4.76	0.34	2792
mplight	TEST	58	86.0	100.0	-1.83	4.08	0.34	2804
mplight	TRAIN	59	86.5	0.4	-2.06	4.45	0.34	2813
mplight	TEST	59	82.0	100.0	-1.95	4.44	0.33	2795
mplight	TRAIN	60	95.1	0.3	-2.11	5.03	0.35	2803
mplight	TEST	60	95.2	100.0	-2.40	5.80	0.36	2800
mplight	TRAIN	61	100.4	0.4	-2.27	5.60	0.34	2811
mplight	TEST	61	94.1	100.0	-2.69	6.64	0.36	2755
mplight	TRAIN	62	85.1	0.4	-1.76	4.36	0.33	2804
mplight	TEST	62	83.5	100.0	-1.58	3.78	0.32	2796
mplight	TRAIN	63	87.6	0.4	-1.77	4.10	0.33	2802
mplight	TEST	63	77.3	100.0	-1.49	3.47	0.31	2801
mplight	TRAIN	64	81.1	0.4	-1.77	4.18	0.33	2816
mplight	TEST	64	80.8	100.0	-1.70	3.94	0.33	2819
mplight	TRAIN	65	78.1	0.4	-1.80	4.28	0.32	2800
mplight	TEST	65	93.7	100.0	-1.71	3.88	0.32	2814
mplight	TRAIN	66	92.3	0.4	-2.22	5.36	0.35	2793
mplight	TEST	66	85.9	100.0	-1.85	4.40	0.34	2799
mplight	TRAIN	67	99.6	0.4	-2.07	4.97	0.35	2812
mplight	TEST	67	83.5	100.0	-1.63	3.70	0.33	2801
mplight	TRAIN	68	77.2	0.4	-1.41	3.29	0.30	2805
mplight	TEST	68	88.9	100.0	-1.75	4.07	0.34	2812
mplight	TRAIN	69	76.0	0.4	-1.54	3.55	0.32	2814
mplight	TEST	69	78.9	100.0	-1.67	3.81	0.33	2813
mplight	TRAIN	70	76.1	0.4	-1.40	3.22	0.30	2818
mplight	TEST	70	79.3	100.0	-1.26	3.07	0.30	2812
mplight	TRAIN	71	86.4	0.4	-1.44	3.33	0.30	2793
mplight	TEST	71	87.0	100.0	-1.74	4.04	0.33	2808
mplight	TRAIN	72	95.4	0.3	-2.76	6.84	0.35	2814
mplight	TEST	72	82.2	100.0	-1.55	3.67	0.31	2808
mplight	TRAIN	73	129.2	0.4	-3.76	9.62	0.37	2762
mplight	TEST	73	103.3	100.0	-1.97	4.95	0.35	2808
mplight	TRAIN	74	79.0	0.5	-1.74	3.88	0.32	2810
mplight	TEST	74	89.3	100.0	-1.73	4.26	0.34	2797
mplight	TRAIN	75	109.0	0.5	-2.14	5.28	0.33	2814
mplight	TEST	75	85.5	100.0	-2.22	5.48	0.33	2772
mplight	TRAIN	76	124.3	0.4	-3.79	9.67	0.37	2700
mplight	TEST	76	77.8	100.0	-1.77	4.12	0.33	2807
mplight	TRAIN	77	112.2	0.5	-3.44	8.70	0.39	2816
mplight	TEST	77	97.1	100.0	-1.88	4.56	0.32	2806
mplight	TRAIN	78	88.4	0.5	-2.09	5.02	0.32	2805
mplight	TEST	78	71.0	100.0	-1.42	3.30	0.30	2820
mplight	TRAIN	79	98.9	0.5	-1.97	4.96	0.33	2810
mplight	TEST	79	77.2	100.0	-1.44	3.54	0.31	2817
mplight	TRAIN	80	81.1	0.5	-1.67	4.29	0.31	2801
mplight	TEST	80	77.6	100.0	-1.39	3.26	0.31	2814
mplight	TRAIN	81	87.0	0.6	-1.40	3.43	0.31	2808
mplight	TEST	81	89.8	100.0	-1.56	3.63	0.32	2801
mplight	TRAIN	82	128.5	0.6	-3.13	8.00	0.36	2813
mplight	TEST	82	70.0	100.0	-1.08	2.67	0.28	2809
mplight	TRAIN	83	74.9	0.5	-1.27	3.12	0.29	2815
mplight	TEST	83	77.8	100.0	-1.33	3.23	0.30	2812
mplight	TRAIN	84	73.5	0.5	-1.45	3.39	0.31	2811
mplight	TEST	84	78.4	100.0	-1.28	3.06	0.29	2798
mplight	TRAIN	85	76.8	0.5	-1.34	3.16	0.31	2804
mplight	TEST	85	81.8	100.0	-1.38	3.46	0.32	2806
mplight	TRAIN	86	131.8	0.5	-3.31	8.22	0.35	2816
mplight	TEST	86	70.8	100.0	-1.29	3.12	0.29	2799
mplight	TRAIN	87	86.6	0.4	-1.35	3.30	0.31	2813
mplight	TEST	87	78.6	100.0	-1.25	3.10	0.29	2806
mplight	TRAIN	88	84.7	0.4	-1.50	3.81	0.31	2782
mplight	TEST	88	70.3	100.0	-1.26	2.96	0.29	2809
mplight	TRAIN	89	74.1	0.4	-1.25	3.02	0.29	2806
mplight	TEST	89	83.3	100.0	-1.40	3.38	0.31	2796
mplight	TRAIN	90	74.1	0.4	-1.15	2.82	0.29	2813
mplight	TEST	90	87.0	100.0	-1.48	3.44	0.31	2810
mplight	TRAIN	91	76.3	0.4	-1.50	3.72	0.31	2789
mplight	TEST	91	81.3	100.0	-1.68	4.23	0.32	2809
mplight	TRAIN	92	75.9	0.3	-1.33	3.21	0.29	2808
mplight	TEST	92	79.7	100.0	-1.59	3.83	0.32	2802
mplight	TRAIN	93	72.7	0.3	-1.19	2.92	0.30	2815
mplight	TEST	93	77.9	100.0	-1.13	2.82	0.29	2819
mplight	TRAIN	94	72.1	0.3	-1.08	2.63	0.29	2811
mplight	TEST	94	75.2	100.0	-1.43	3.39	0.30	2808
mplight	TRAIN	95	73.0	0.3	-1.32	3.08	0.30	2814
mplight	TEST	95	99.5	100.0	-1.89	4.63	0.33	2812
mplight	TRAIN	96	68.6	0.3	-1.02	2.52	0.28	2804
mplight	TEST	96	71.3	100.0	-1.02	2.59	0.28	2817
mplight	TRAIN	97	74.8	0.3	-1.46	3.54	0.30	2814
mplight	TEST	97	72.4	100.0	-1.10	2.74	0.29	2811
mplight	TRAIN	98	103.6	0.3	-2.89	7.51	0.33	2818
mplight	TEST	98	70.5	100.0	-1.12	2.72	0.28	2804
mplight	TRAIN	99	89.1	0.3	-2.37	6.08	0.33	2685
mplight	TEST	99	70.1	100.0	-1.08	2.65	0.28	2811
mplight	TRAIN	100	78.6	0.3	-1.49	3.44	0.30	2799
mplight	TEST	100	76.2	100.0	-1.05	2.67	0.28	2806
mplight	TRAIN	101	80.4	0.3	-1.32	3.36	0.30	2800
mplight	TEST	101	77.5	100.0	-1.18	2.89	0.28	2812
mplight	TRAIN	102	77.6	0.3	-1.19	2.91	0.28	2809
mplight	TEST	102	71.7	100.0	-1.26	3.17	0.29	2817
mplight	TRAIN	103	81.9	0.4	-1.50	3.69	0.31	2813
mplight	TEST	103	69.9	100.0	-1.13	2.85	0.28	2814
mplight	TRAIN	104	80.0	0.4	-1.13	2.80	0.28	2813
mplight	TEST	104	68.0	100.0	-0.93	2.29	0.26	2815
mplight	TRAIN	105	70.3	0.4	-1.03	2.53	0.28	2817
mplight	TEST	105	66.0	100.0	-0.90	2.24	0.27	2814
mplight	TRAIN	106	74.4	0.4	-0.92	2.33	0.27	2811
mplight	TEST	106	74.8	100.0	-1.26	3.03	0.29	2816
mplight	TRAIN	107	75.5	0.4	-1.37	3.11	0.28	2797
mplight	TEST	107	80.2	100.0	-1.27	2.99	0.29	2813
mplight	TRAIN	108	71.6	0.3	-1.11	2.79	0.27	2822
mplight	TEST	108	136.0	100.0	-3.41	8.92	0.37	2770
mplight	TRAIN	109	73.5	0.3	-1.20	2.99	0.29	2811
mplight	TEST	109	75.1	100.0	-1.22	3.01	0.28	2816
mplight	TRAIN	110	70.4	0.3	-1.01	2.54	0.28	2814
mplight	TEST	110	70.2	100.0	-0.98	2.49	0.27	2795
mplight	TRAIN	111	103.9	0.3	-2.00	5.13	0.31	2807
mplight	TEST	111	70.9	100.0	-1.09	2.76	0.28	2803
mplight	TRAIN	112	71.4	0.3	-0.95	2.38	0.27	2809
mplight	TEST	112	68.4	100.0	-0.99	2.44	0.28	2800
mplight	TRAIN	113	71.6	0.3	-0.93	2.39	0.27	2817
mplight	TEST	113	94.8	100.0	-1.95	5.12	0.31	2811
mplight	TRAIN	114	67.5	0.3	-1.01	2.57	0.28	2807
mplight	TEST	114	66.8	100.0	-0.92	2.30	0.26	2814
mplight	TRAIN	115	71.3	0.2	-1.00	2.51	0.28	2818
mplight	TEST	115	71.8	100.0	-1.12	2.74	0.28	2804
mplight	TRAIN	116	66.0	0.2	-0.91	2.23	0.26	2808
mplight	TEST	116	70.1	100.0	-1.02	2.59	0.27	2815
mplight	TRAIN	117	81.8	0.2	-1.00	2.52	0.27	2815
mplight	TEST	117	77.9	100.0	-1.03	2.56	0.27	2818
mplight	TRAIN	118	67.5	0.2	-1.03	2.55	0.26	2811
mplight	TEST	118	124.1	100.0	-3.66	9.53	0.32	2463
mplight	TRAIN	119	65.9	0.2	-0.81	2.04	0.25	2810
mplight	TEST	119	69.9	100.0	-0.92	2.30	0.26	2813
mplight	TRAIN	120	67.6	0.2	-0.90	2.33	0.25	2812
mplight	TEST	120	85.4	100.0	-0.95	2.44	0.26	2809
mplight	TRAIN	121	138.3	0.2	-3.83	10.05	0.33	2471
mplight	TEST	121	66.8	100.0	-0.86	2.24	0.26	2806
mplight	TRAIN	122	73.1	0.2	-1.04	2.61	0.28	2811
mplight	TEST	122	67.2	100.0	-0.89	2.29	0.26	2814
mplight	TRAIN	123	69.8	0.2	-0.97	2.52	0.26	2812
mplight	TEST	123	72.0	100.0	-0.93	2.42	0.26	2809
mplight	TRAIN	124	71.6	0.2	-0.89	2.32	0.26	2814
mplight	TEST	124	214.1	100.0	-5.87	15.44	0.39	2514
mplight	TRAIN	125	70.3	0.2	-1.14	3.01	0.26	2797
mplight	TEST	125	69.2	100.0	-1.00	2.57	0.28	2809
mplight	TRAIN	126	101.5	0.3	-3.41	8.99	0.33	2431
mplight	TEST	126	98.1	100.0	-1.99	5.05	0.31	2812
mplight	TRAIN	127	68.4	0.3	-0.89	2.27	0.26	2817
mplight	TEST	127	65.8	100.0	-0.87	2.21	0.26	2806
mplight	TRAIN	128	94.7	0.3	-1.78	4.66	0.28	2816
mplight	TEST	128	90.6	100.0	-2.11	5.52	0.31	2815
mplight	TRAIN	129	77.0	0.3	-1.69	4.18	0.30	2815
mplight	TEST	129	77.8	100.0	-0.88	2.29	0.26	2813
mplight	TRAIN	130	70.7	0.3	-1.04	2.66	0.26	2815
mplight	TEST	130	67.1	100.0	-0.79	2.11	0.25	2802
mplight	TRAIN	131	68.5	0.3	-0.85	2.21	0.26	2807
mplight	TEST	131	70.5	100.0	-0.96	2.46	0.27	2816
mplight	TRAIN	132	67.9	0.3	-0.91	2.30	0.26	2809
mplight	TEST	132	66.2	100.0	-0.79	2.02	0.26	2815
mplight	TRAIN	133	80.9	0.3	-1.01	2.59	0.28	2797
mplight	TEST	133	68.9	100.0	-0.90	2.35	0.27	2798
mplight	TRAIN	134	80.0	0.2	-1.05	2.63	0.26	2811
mplight	TEST	134	66.8	100.0	-0.81	2.12	0.25	2817
mplight	TRAIN	135	69.2	0.3	-1.04	2.70	0.26	2809
mplight	TEST	135	65.2	100.0	-0.76	2.01	0.24	2816
mplight	TRAIN	136	67.4	0.2	-0.82	2.14	0.25	2809
mplight	TEST	136	66.7	100.0	-0.88	2.22	0.26	2803
mplight	TRAIN	137	67.2	0.2	-0.83	2.16	0.25	2816
mplight	TEST	137	65.9	100.0	-0.80	2.12	0.25	2818
mplight	TRAIN	138	71.5	0.2	-0.73	1.99	0.25	2804
mplight	TEST	138	70.2	100.0	-0.79	2.08	0.26	2819
mplight	TRAIN	139	67.1	0.2	-0.91	2.31	0.27	2815
mplight	TEST	139	64.5	100.0	-0.68	1.79	0.24	2818
mplight	TRAIN	140	66.4	0.2	-0.84	2.18	0.25	2814
mplight	TEST	140	64.9	100.0	-0.71	1.91	0.25	2801
mplight	TRAIN	141	65.2	0.2	-0.74	1.95	0.25	2817
mplight	TEST	141	68.7	100.0	-0.90	2.29	0.26	2801
mplight	TRAIN	142	64.3	0.2	-0.76	2.00	0.25	2806
mplight	TEST	142	69.5	100.0	-0.83	2.16	0.26	2808
mplight	TRAIN	143	70.8	0.2	-0.78	2.05	0.25	2819
mplight	TEST	143	76.7	100.0	-1.39	3.55	0.27	2815
mplight	TRAIN	144	71.4	0.2	-0.92	2.31	0.26	2801
mplight	TEST	144	67.2	100.0	-0.86	2.25	0.25	2806
mplight	TRAIN	145	65.8	0.2	-0.85	2.25	0.25	2808
mplight	TEST	145	65.7	100.0	-0.68	1.81	0.24	2812
mplight	TRAIN	146	65.9	0.2	-0.68	1.85	0.24	2803
mplight	TEST	146	67.4	100.0	-0.86	2.21	0.26	2815
mplight	TRAIN	147	67.9	0.2	-0.69	1.84	0.23	2815
mplight	TEST	147	78.6	100.0	-0.96	2.54	0.27	2817
mplight	TRAIN	148	64.9	0.2	-0.73	1.92	0.24	2821
mplight	TEST	148	66.5	100.0	-0.75	2.00	0.24	2819
mplight	TRAIN	149	76.3	0.2	-0.78	2.02	0.25	2801
mplight	TEST	149	64.8	100.0	-0.73	1.90	0.24	2816
mplight	TRAIN	150	64.8	0.2	-0.74	1.97	0.24	2817
mplight	TEST	150	64.9	100.0	-0.70	1.87	0.24	2813
mplight	TRAIN	151	64.4	0.2	-0.70	1.89	0.23	2817
mplight	TEST	151	98.8	100.0	-2.57	6.87	0.30	2796
mplight	TRAIN	152	65.2	0.2	-0.74	1.99	0.25	2806
mplight	TEST	152	69.9	100.0	-0.75	2.04	0.25	2820
mplight	TRAIN	153	68.8	0.2	-0.80	2.16	0.26	2819
mplight	TEST	153	73.5	100.0	-0.89	2.37	0.25	2821
mplight	TRAIN	154	64.3	0.2	-0.68	1.83	0.24	2819
mplight	TEST	154	64.7	100.0	-0.76	1.96	0.25	2811
mplight	TRAIN	155	65.4	0.1	-0.76	2.01	0.24	2816
mplight	TEST	155	90.4	100.0	-3.61	9.60	0.32	2407
mplight	TRAIN	156	64.3	0.1	-0.61	1.65	0.23	2819
mplight	TEST	156	66.7	100.0	-0.68	1.80	0.24	2819
mplight	TRAIN	157	65.1	0.1	-0.67	1.81	0.24	2814
mplight	TEST	157	63.8	100.0	-0.64	1.70	0.23	2819
mplight	TRAIN	158	64.4	0.1	-0.66	1.76	0.23	2819
mplight	TEST	158	68.5	100.0	-0.74	1.97	0.24	2816
mplight	TRAIN	159	63.5	0.1	-0.62	1.69	0.22	2814
mplight	TEST	159	66.8	100.0	-0.70	1.85	0.23	2813
mplight	TRAIN	160	63.5	0.1	-0.58	1.62	0.23	2815
mplight	TEST	160	64.5	100.0	-0.62	1.69	0.23	2814
mplight	TRAIN	161	65.5	0.1	-0.61	1.66	0.23	2815
mplight	TEST	161	63.4	100.0	-0.65	1.79	0.23	2808
mplight	TRAIN	162	62.9	0.1	-0.61	1.66	0.23	2818
mplight	TEST	162	62.8	100.0	-0.62	1.66	0.24	2815
mplight	TRAIN	163	63.8	0.1	-0.66	1.76	0.24	2813
mplight	TEST	163	62.3	100.0	-0.57	1.56	0.22	2815
mplight	TRAIN	164	62.5	0.1	-0.62	1.69	0.23	2809
mplight	TEST	164	61.8	100.0	-0.60	1.60	0.23	2814
mplight	TRAIN	165	63.7	0.1	-0.62	1.70	0.23	2819
mplight	TEST	165	76.2	100.0	-1.31	3.55	0.25	2808
mplight	TRAIN	166	72.1	0.1	-0.62	1.66	0.23	2814
mplight	TEST	166	64.7	100.0	-0.62	1.69	0.23	2814
mplight	TRAIN	167	65.2	0.1	-0.64	1.76	0.23	2813
mplight	TEST	167	63.7	100.0	-0.67	1.78	0.23	2813
mplight	TRAIN	168	63.1	0.1	-0.61	1.69	0.23	2813
mplight	TEST	168	90.0	100.0	-1.47	3.92	0.28	2816
mplight	TRAIN	169	63.9	0.1	-0.54	1.50	0.22	2816
mplight	TEST	169	64.1	100.0	-0.65	1.75	0.24	2811
mplight	TRAIN	170	63.1	0.1	-0.62	1.68	0.23	2813
mplight	TEST	170	62.3	100.0	-0.56	1.54	0.22	2819
mplight	TRAIN	171	75.1	0.1	-0.65	1.76	0.23	2816
mplight	TEST	171	65.8	100.0	-0.63	1.66	0.23	2814
mplight	TRAIN	172	64.7	0.1	-0.65	1.74	0.24	2815
mplight	TEST	172	65.8	100.0	-0.65	1.77	0.23	2804
mplight	TRAIN	173	86.7	0.1	-1.61	4.27	0.27	2816
mplight	TEST	173	63.3	100.0	-0.69	1.84	0.25	2813
mplight	TRAIN	174	127.3	0.1	-3.42	9.10	0.33	2736
mplight	TEST	174	65.3	100.0	-0.68	1.81	0.24	2813
mplight	TRAIN	175	62.7	0.2	-0.57	1.58	0.23	2814
mplight	TEST	175	64.9	100.0	-0.60	1.63	0.22	2819
mplight	TRAIN	176	80.1	0.2	-1.12	3.00	0.26	2810
mplight	TEST	176	63.5	100.0	-0.60	1.63	0.23	2806
mplight	TRAIN	177	65.3	0.2	-0.59	1.57	0.22	2818
mplight	TEST	177	62.5	100.0	-0.57	1.57	0.23	2816
mplight	TRAIN	178	64.7	0.2	-0.64	1.74	0.23	2813
mplight	TEST	178	62.0	100.0	-0.57	1.55	0.22	2821
mplight	TRAIN	179	67.4	0.2	-0.68	1.78	0.24	2806
mplight	TEST	179	67.6	100.0	-0.87	2.30	0.24	2810
mplight	TRAIN	180	65.3	0.2	-1.02	2.25	0.24	2816
mplight	TEST	180	64.9	100.0	-0.73	1.91	0.24	2817
mplight	TRAIN	181	64.2	0.2	-0.65	1.76	0.23	2810
mplight	TEST	181	64.6	100.0	-0.65	1.77	0.23	2802
mplight	TRAIN	182	63.5	0.2	-0.62	1.68	0.23	2814
mplight	TEST	182	63.5	100.0	-0.61	1.67	0.23	2815
mplight	TRAIN	183	64.1	0.2	-0.66	1.77	0.23	2817
mplight	TEST	183	64.9	100.0	-0.70	1.86	0.25	2811
mplight	TRAIN	184	64.2	0.1	-0.71	1.90	0.24	2810
mplight	TEST	184	64.7	100.0	-0.76	1.99	0.24	2815
mplight	TRAIN	185	66.8	0.1	-0.81	2.18	0.25	2816
mplight	TEST	185	63.0	100.0	-0.90	2.42	0.25	2708
mplight	TRAIN	186	64.7	0.1	-0.65	1.72	0.23	2818
mplight	TEST	186	64.8	100.0	-0.67	1.80	0.24	2810
mplight	TRAIN	187	67.1	0.1	-0.65	1.73	0.23	2816
mplight	TEST	187	62.8	100.0	-0.68	1.76	0.23	2817
mplight	TRAIN	188	64.3	0.1	-0.65	1.75	0.23	2815
mplight	TEST	188	65.3	100.0	-0.71	1.87	0.25	2814
mplight	TRAIN	189	65.1	0.1	-0.61	1.66	0.23	2817
mplight	TEST	189	64.3	100.0	-0.67	1.76	0.24	2817
mplight	TRAIN	190	203.8	0.1	-4.63	12.21	0.37	2662
mplight	TEST	190	63.6	100.0	-0.66	1.75	0.24	2807
mplight	TRAIN	191	63.9	0.2	-0.60	1.62	0.23	2817
mplight	TEST	191	63.3	100.0	-0.57	1.59	0.23	2818
mplight	TRAIN	192	64.9	0.2	-0.62	1.72	0.23	2812
mplight	TEST	192	64.7	100.0	-0.59	1.67	0.23	2809
mplight	TRAIN	193	64.3	0.2	-0.63	1.71	0.23	2812
mplight	TEST	193	65.8	100.0	-0.74	1.96	0.24	2817
mplight	TRAIN	194	67.1	0.2	-0.75	2.00	0.23	2813
mplight	TEST	194	63.9	100.0	-0.63	1.75	0.24	2817
mplight	TRAIN	195	72.9	0.2	-0.65	1.74	0.23	2811
mplight	TEST	195	90.9	100.0	-1.58	4.21	0.27	2814
mplight	TRAIN	196	64.5	0.1	-0.63	1.72	0.23	2810
mplight	TEST	196	63.9	100.0	-0.63	1.73	0.23	2818
mplight	TRAIN	197	65.3	0.2	-0.72	1.91	0.24	2819
mplight	TEST	197	63.3	100.0	-0.64	1.75	0.23	2820
mplight	TRAIN	198	68.8	0.2	-0.92	2.47	0.24	2812
mplight	TEST	198	63.7	100.0	-0.64	1.71	0.23	2812
mplight	TRAIN	199	64.1	0.1	-0.67	1.79	0.24	2818
mplight	TEST	199	82.8	100.0	-1.40	3.75	0.26	2813
