mplight	TRAIN	0	298.0	0.0	-5.35	2.05	0.06	1412
mplight	TEST	0	280.2	100.0	-4.63	1.78	0.06	1421
mplight	TRAIN	1	312.2	0.0	-5.89	2.25	0.06	1406
mplight	TEST	1	310.3	100.0	-5.60	2.14	0.06	1423
mplight	TRAIN	2	305.4	0.0	-5.57	2.13	0.06	1415
mplight	TEST	2	302.1	100.0	-5.59	2.14	0.06	1406
mplight	TRAIN	3	314.2	0.0	-5.93	2.27	0.07	1410
mplight	TEST	3	307.7	100.0	-5.50	2.10	0.06	1428
mplight	TRAIN	4	331.6	0.0	-6.45	2.46	0.07	1417
mplight	TEST	4	318.7	100.0	-6.03	2.30	0.07	1405
mplight	TRAIN	5	313.5	0.0	-5.74	2.20	0.06	1429
mplight	TEST	5	306.9	100.0	-5.65	2.16	0.06	1415
mplight	TRAIN	6	301.2	0.1	-5.43	2.08	0.06	1411
mplight	TEST	6	296.4	100.0	-5.16	1.98	0.06	1421
mplight	TRAIN	7	315.9	0.1	-5.87	2.24	0.06	1423
mplight	TEST	7	279.0	100.0	-4.64	1.79	0.06	1421
mplight	TRAIN	8	295.3	0.1	-5.29	2.03	0.06	1415
mplight	TEST	8	290.6	100.0	-5.29	2.03	0.06	1400
mplight	TRAIN	9	278.8	0.1	-4.51	1.74	0.06	1433
mplight	TEST	9	288.9	100.0	-4.92	1.89	0.06	1414
mplight	TRAIN	10	306.1	0.1	-5.64	2.16	0.06	1409
mplight	TEST	10	284.6	100.0	-5.05	1.94	0.06	1407
mplight	TRAIN	11	294.8	0.1	-5.18	1.99	0.06	1418
mplight	TEST	11	289.3	100.0	-4.87	1.87	0.06	1431
mplight	TRAIN	12	299.4	0.1	-5.24	2.01	0.06	1434
mplight	TEST	12	329.4	100.0	-6.20	2.37	0.06	1428
mplight	TRAIN	13	297.0	0.1	-5.12	1.97	0.06	1431
mplight	TEST	13	309.8	100.0	-5.98	2.29	0.06	1406
mplight	TRAIN	14	295.5	0.2	-5.10	1.95	0.06	1421
mplight	TEST	14	288.5	100.0	-4.93	1.89	0.06	1420
mplight	TRAIN	15	268.1	0.2	-4.31	1.66	0.06	1417
mplight	TEST	15	289.6	100.0	-4.92	1.89	0.06	1420
mplight	TRAIN	16	276.0	0.2	-4.45	1.71	0.06	1425
mplight	TEST	16	282.0	100.0	-4.61	1.77	0.06	1432
mplight	TRAIN	17	288.8	0.2	-4.93	1.89	0.06	1429
mplight	TEST	17	271.9	100.0	-4.27	1.65	0.06	1431
mplight	TRAIN	18	286.9	0.2	-5.94	2.27	0.06	1330
mplight	TEST	18	282.8	100.0	-4.69	1.80	0.06	1426
mplight	TRAIN	19	297.3	0.2	-5.14	1.97	0.06	1414
mplight	TEST	19	300.6	100.0	-5.29	2.02	0.06	1432
mplight	TRAIN	20	293.3	0.2	-5.36	2.05	0.06	1405
mplight	TEST	20	274.5	100.0	-4.38	1.69	0.06	1427
mplight	TRAIN	21	280.8	0.3	-4.66	1.79	0.06	1425
mplight	TEST	21	291.3	100.0	-4.96	1.90	0.06	1427
mplight	TRAIN	22	287.3	0.3	-5.10	1.95	0.06	1412
mplight	TEST	22	292.9	100.0	-5.17	1.98	0.06	1404
mplight	TRAIN	23	296.1	0.3	-5.17	1.98	0.06	1423
mplight	TEST	23	283.4	100.0	-4.81	1.85	0.06	1419
mplight	TRAIN	24	264.2	0.3	-4.00	1.55	0.06	1434
mplight	TEST	24	274.8	100.0	-4.41	1.70	0.06	1433
mplight	TRAIN	25	275.2	0.3	-4.36	1.68	0.06	1431
mplight	TEST	25	258.6	100.0	-3.85	1.49	0.05	1423
mplight	TRAIN	26	277.7	0.3	-4.55	1.75	0.06	1432
mplight	TEST	26	284.9	100.0	-4.82	1.85	0.06	1413
mplight	TRAIN	27	279.6	0.3	-4.60	1.77	0.06	1421
mplight	TEST	27	300.0	100.0	-5.33	2.04	0.06	1421
mplight	TRAIN	28	275.4	0.3	-4.44	1.71	0.06	1426
mplight	TEST	28	272.2	100.0	-4.33	1.67	0.06	1418
mplight	TRAIN	29	292.8	0.3	-5.00	1.92	0.06	1435
mplight	TEST	29	282.1	100.0	-4.72	1.81	0.06	1422
mplight	TRAIN	30	263.1	0.3	-3.99	1.54	0.06	1431
mplight	TEST	30	272.2	100.0	-4.33	1.67	0.06	1431
mplight	TRAIN	31	277.7	0.3	-4.47	1.72	0.06	1432
mplight	TEST	31	272.5	100.0	-4.33	1.67	0.06	1432
mplight	TRAIN	32	314.1	0.4	-6.60	2.52	0.06	1366
mplight	TEST	32	296.6	100.0	-5.17	1.98	0.06	1423
mplight	TRAIN	33	339.1	0.3	-8.27	3.15	0.07	1321
mplight	TEST	33	273.4	100.0	-4.34	1.67	0.06	1430
mplight	TRAIN	34	269.3	0.4	-4.19	1.61	0.06	1433
mplight	TEST	34	270.4	100.0	-4.22	1.63	0.06	1436
mplight	TRAIN	35	272.3	0.4	-4.35	1.67	0.06	1424
mplight	TEST	35	277.3	100.0	-4.45	1.71	0.06	1429
mplight	TRAIN	36	276.2	0.4	-4.41	1.70	0.06	1433
mplight	TEST	36	257.2	100.0	-3.76	1.46	0.05	1435
mplight	TRAIN	37	255.8	0.4	-3.75	1.45	0.05	1428
mplight	TEST	37	273.7	100.0	-4.40	1.69	0.06	1424
mplight	TRAIN	38	256.5	0.4	-3.78	1.46	0.05	1427
mplight	TEST	38	256.9	100.0	-3.78	1.46	0.05	1426
mplight	TRAIN	39	276.3	0.4	-4.54	1.75	0.06	1420
mplight	TEST	39	274.8	100.0	-4.38	1.69	0.06	1438
mplight	TRAIN	40	268.0	0.4	-4.13	1.59	0.06	1434
mplight	TEST	40	289.2	100.0	-4.96	1.90	0.06	1420
mplight	TRAIN	41	260.9	0.4	-3.89	1.50	0.05	1439
mplight	TEST	41	241.1	100.0	-3.20	1.25	0.05	1432
mplight	TRAIN	42	258.5	0.4	-3.84	1.49	0.05	1433
mplight	TEST	42	263.1	100.0	-4.00	1.55	0.05	1429
mplight	TRAIN	43	263.7	0.4	-4.00	1.54	0.05	1433
mplight	TEST	43	264.1	100.0	-4.01	1.55	0.06	1431
mplight	TRAIN	44	260.3	0.4	-3.89	1.50	0.05	1435
mplight	TEST	44	246.6	100.0	-3.42	1.33	0.05	1428
mplight	TRAIN	45	270.5	0.4	-4.34	1.68	0.06	1412
mplight	TEST	45	288.6	100.0	-4.69	1.80	0.06	1434
mplight	TRAIN	46	294.7	0.4	-5.16	1.98	0.06	1418
mplight	TEST	46	316.5	100.0	-5.85	2.24	0.06	1423
mplight	TRAIN	47	278.9	0.4	-4.54	1.74	0.06	1426
mplight	TEST	47	282.8	100.0	-4.69	1.80	0.06	1426
mplight	TRAIN	48	271.1	0.5	-4.53	1.74	0.06	1414
mplight	TEST	48	296.3	100.0	-5.35	2.05	0.06	1405
mplight	TRAIN	49	323.8	0.4	-6.01	2.30	0.06	1424
mplight	TEST	49	272.2	100.0	-4.31	1.66	0.06	1432
mplight	TRAIN	50	289.4	0.5	-4.90	1.88	0.06	1428
mplight	TEST	50	274.8	100.0	-4.49	1.73	0.06	1421
mplight	TRAIN	51	262.7	0.5	-3.99	1.54	0.05	1428
mplight	TEST	51	259.9	100.0	-3.93	1.52	0.05	1426
mplight	TRAIN	52	287.7	0.4	-4.91	1.89	0.06	1422
mplight	TEST	52	267.7	100.0	-4.15	1.60	0.06	1428
mplight	TRAIN	53	270.3	0.5	-4.16	1.60	0.06	1428
mplight	TEST	53	269.6	100.0	-4.20	1.62	0.06	1431
mplight	TRAIN	54	272.8	0.5	-4.34	1.67	0.06	1429
mplight	TEST	54	269.8	100.0	-4.25	1.64	0.06	1426
mplight	TRAIN	55	264.6	0.5	-4.14	1.60	0.06	1419
mplight	TEST	55	240.9	100.0	-3.22	1.25	0.05	1438
mplight	TRAIN	56	267.3	0.5	-4.33	1.67	0.06	1412
mplight	TEST	56	295.5	100.0	-5.14	1.97	0.06	1424
mplight	TRAIN	57	291.0	0.5	-4.93	1.89	0.06	1428
mplight	TEST	57	270.3	100.0	-4.26	1.64	0.06	1425
mplight	TRAIN	58	278.9	0.5	-4.55	1.75	0.06	1430
mplight	TEST	58	269.9	100.0	-4.22	1.62	0.06	1427
mplight	TRAIN	59	257.2	0.5	-3.80	1.47	0.05	1431
mplight	TEST	59	273.1	100.0	-4.35	1.68	0.06	1432
mplight	TRAIN	60	262.1	0.5	-3.97	1.53	0.05	1429
mplight	TEST	60	286.2	100.0	-4.79	1.84	0.06	1435
mplight	TRAIN	61	264.3	0.5	-4.03	1.56	0.05	1432
mplight	TEST	61	266.3	100.0	-4.10	1.58	0.05	1432
mplight	TRAIN	62	284.1	0.5	-4.69	1.80	0.06	1436
mplight	TEST	62	259.4	100.0	-3.91	1.51	0.05	1425
mplight	TRAIN	63	267.4	0.5	-4.19	1.61	0.05	1425
mplight	TEST	63	355.6	100.0	-9.53	3.62	0.08	1306
mplight	TRAIN	64	286.7	0.4	-4.81	1.84	0.06	1429
mplight	TEST	64	258.9	100.0	-3.85	1.49	0.05	1432
mplight	TRAIN	65	272.7	0.5	-4.34	1.67	0.06	1423
mplight	TEST	65	272.2	100.0	-4.30	1.66	0.06	1433
mplight	TRAIN	66	252.8	0.5	-3.65	1.41	0.05	1429
mplight	TEST	66	260.1	100.0	-3.94	1.52	0.05	1424
mplight	TRAIN	67	276.8	0.5	-4.47	1.72	0.06	1425
mplight	TEST	67	260.7	100.0	-3.92	1.51	0.06	1431
mplight	TRAIN	68	263.9	0.4	-4.04	1.56	0.05	1430
mplight	TEST	68	266.2	100.0	-4.08	1.57	0.06	1436
mplight	TRAIN	69	272.8	0.4	-4.31	1.66	0.05	1433
mplight	TEST	69	265.5	100.0	-4.08	1.58	0.05	1439
mplight	TRAIN	70	277.2	0.5	-4.49	1.73	0.06	1426
mplight	TEST	70	315.1	100.0	-6.48	2.47	0.06	1390
mplight	TRAIN	71	251.9	0.5	-3.60	1.40	0.05	1430
mplight	TEST	71	272.3	100.0	-4.44	1.71	0.06	1414
mplight	TRAIN	72	260.0	0.5	-3.88	1.50	0.05	1432
mplight	TEST	72	265.9	100.0	-4.13	1.59	0.06	1423
mplight	TRAIN	73	282.6	0.5	-4.80	1.84	0.06	1421
mplight	TEST	73	245.9	100.0	-3.42	1.33	0.05	1427
mplight	TRAIN	74	242.4	0.5	-3.27	1.27	0.05	1427
mplight	TEST	74	324.2	100.0	-6.50	2.48	0.06	1399
mplight	TRAIN	75	254.5	0.5	-3.71	1.44	0.05	1425
mplight	TEST	75	285.9	100.0	-5.28	2.02	0.06	1380
mplight	TRAIN	76	278.0	0.5	-4.52	1.74	0.06	1428
mplight	TEST	76	256.7	100.0	-3.79	1.47	0.05	1427
mplight	TRAIN	77	261.0	0.5	-3.95	1.52	0.05	1427
mplight	TEST	77	339.2	100.0	-8.41	3.20	0.07	1323
mplight	TRAIN	78	275.1	0.5	-4.41	1.70	0.05	1427
mplight	TEST	78	274.7	100.0	-4.30	1.66	0.05	1426
mplight	TRAIN	79	288.7	0.6	-5.19	1.99	0.06	1397
mplight	TEST	79	277.9	100.0	-4.71	1.81	0.06	1412
mplight	TRAIN	80	261.2	0.6	-3.94	1.52	0.06	1430
mplight	TEST	80	256.6	100.0	-3.81	1.47	0.05	1426
mplight	TRAIN	81	240.5	0.6	-3.34	1.30	0.05	1416
mplight	TEST	81	263.2	100.0	-4.03	1.55	0.06	1423
mplight	TRAIN	82	271.2	0.5	-4.30	1.65	0.05	1421
mplight	TEST	82	258.4	100.0	-3.84	1.48	0.05	1430
mplight	TRAIN	83	270.4	0.6	-4.25	1.64	0.06	1431
mplight	TEST	83	263.2	100.0	-4.03	1.55	0.06	1428
mplight	TRAIN	84	245.1	0.6	-3.39	1.32	0.05	1427
mplight	TEST	84	303.7	100.0	-6.19	2.37	0.06	1353
mplight	TRAIN	85	275.5	0.6	-4.39	1.69	0.06	1430
mplight	TEST	85	256.4	100.0	-3.75	1.45	0.06	1434
mplight	TRAIN	86	304.7	0.7	-5.40	2.07	0.06	1422
mplight	TEST	86	253.5	100.0	-3.79	1.47	0.05	1419
mplight	TRAIN	87	277.0	0.6	-4.71	1.81	0.06	1416
mplight	TEST	87	254.6	100.0	-3.69	1.43	0.05	1430
mplight	TRAIN	88	257.8	0.6	-3.92	1.51	0.05	1421
mplight	TEST	88	269.7	100.0	-4.18	1.61	0.06	1431
mplight	TRAIN	89	249.7	0.6	-3.52	1.36	0.05	1431
mplight	TEST	89	234.4	100.0	-3.04	1.19	0.05	1422
mplight	TRAIN	90	288.4	0.7	-4.86	1.87	0.06	1419
mplight	TEST	90	236.0	100.0	-3.05	1.19	0.05	1432
mplight	TRAIN	91	270.1	0.6	-4.19	1.62	0.05	1438
mplight	TEST	91	275.8	100.0	-4.55	1.75	0.05	1423
mplight	TRAIN	92	251.3	0.6	-3.57	1.38	0.05	1430
mplight	TEST	92	251.3	100.0	-3.59	1.39	0.05	1427
mplight	TRAIN	93	272.3	0.7	-4.27	1.65	0.05	1433
mplight	TEST	93	283.8	100.0	-4.94	1.90	0.06	1404
mplight	TRAIN	94	310.3	0.7	-5.68	2.17	0.06	1417
mplight	TEST	94	318.7	100.0	-8.61	3.27	0.07	1292
mplight	TRAIN	95	259.5	0.7	-3.86	1.49	0.05	1428
mplight	TEST	95	265.5	100.0	-4.79	1.84	0.05	1387
mplight	TRAIN	96	271.9	0.6	-4.29	1.65	0.05	1430
mplight	TEST	96	332.8	100.0	-10.10	3.83	0.07	1262
mplight	TRAIN	97	252.9	0.7	-3.69	1.43	0.05	1422
mplight	TEST	97	283.1	100.0	-4.87	1.87	0.06	1409
mplight	TRAIN	98	258.7	0.6	-3.82	1.48	0.05	1427
mplight	TEST	98	249.8	100.0	-3.61	1.40	0.05	1426
mplight	TRAIN	99	238.6	0.7	-3.26	1.27	0.05	1415
mplight	TEST	99	284.9	100.0	-4.75	1.82	0.06	1425
mplight	TRAIN	100	288.9	0.6	-4.87	1.87	0.06	1431
mplight	TEST	100	284.9	100.0	-5.33	2.04	0.06	1387
mplight	TRAIN	101	263.5	0.7	-4.01	1.54	0.05	1423
mplight	TEST	101	281.3	100.0	-4.55	1.75	0.05	1438
mplight	TRAIN	102	228.4	0.6	-2.79	1.10	0.05	1429
mplight	TEST	102	262.7	100.0	-4.04	1.56	0.05	1419
mplight	TRAIN	103	266.6	0.6	-4.51	1.73	0.06	1396
mplight	TEST	103	331.1	100.0	-7.68	2.92	0.07	1350
mplight	TRAIN	104	253.2	0.7	-3.69	1.43	0.05	1424
mplight	TEST	104	276.9	100.0	-5.08	1.95	0.06	1382
mplight	TRAIN	105	262.3	0.7	-3.95	1.52	0.05	1430
mplight	TEST	105	276.5	100.0	-4.27	1.65	0.05	1430
mplight	TRAIN	106	281.1	0.7	-4.57	1.76	0.06	1430
mplight	TEST	106	277.7	100.0	-4.48	1.72	0.05	1429
mplight	TRAIN	107	278.7	0.6	-5.17	1.98	0.05	1395
mplight	TEST	107	247.7	100.0	-3.44	1.34	0.05	1435
mplight	TRAIN	108	280.8	0.7	-4.56	1.75	0.06	1434
mplight	TEST	108	276.4	100.0	-4.73	1.82	0.06	1402
mplight	TRAIN	109	286.4	0.7	-4.81	1.84	0.05	1419
mplight	TEST	109	253.8	100.0	-3.84	1.48	0.05	1417
mplight	TRAIN	110	328.0	0.7	-6.34	2.42	0.06	1415
mplight	TEST	110	328.8	100.0	-9.83	3.73	0.07	1259
mplight	TRAIN	111	235.4	0.7	-3.05	1.19	0.05	1425
mplight	TEST	111	278.3	100.0	-4.64	1.79	0.06	1411
mplight	TRAIN	112	256.6	0.7	-3.79	1.46	0.05	1428
mplight	TEST	112	241.3	100.0	-3.22	1.26	0.05	1426
mplight	TRAIN	113	255.0	0.7	-3.84	1.49	0.05	1412
mplight	TEST	113	428.1	100.0	-16.25	6.13	0.10	1105
mplight	TRAIN	114	247.3	0.7	-3.43	1.33	0.05	1432
mplight	TEST	114	271.3	100.0	-6.30	2.41	0.06	1332
mplight	TRAIN	115	279.5	0.6	-5.09	1.95	0.05	1401
mplight	TEST	115	311.3	100.0	-6.05	2.31	0.06	1395
mplight	TRAIN	116	325.5	0.7	-6.43	2.45	0.07	1406
mplight	TEST	116	356.2	100.0	-12.20	4.62	0.08	1192
mplight	TRAIN	117	253.9	0.9	-3.83	1.48	0.05	1419
mplight	TEST	117	276.3	100.0	-6.48	2.48	0.06	1345
mplight	TRAIN	118	244.5	0.7	-3.36	1.30	0.05	1433
mplight	TEST	118	289.6	100.0	-7.45	2.84	0.06	1310
mplight	TRAIN	119	375.2	0.7	-8.11	3.08	0.07	1403
mplight	TEST	119	277.9	100.0	-4.95	1.90	0.06	1390
mplight	TRAIN	120	268.9	0.8	-4.73	1.82	0.05	1398
mplight	TEST	120	230.6	100.0	-2.85	1.12	0.05	1425
mplight	TRAIN	121	296.7	0.7	-5.33	2.04	0.06	1411
mplight	TEST	121	277.7	100.0	-5.17	1.99	0.06	1387
mplight	TRAIN	122	294.4	0.8	-5.99	2.29	0.06	1377
mplight	TEST	122	246.3	100.0	-3.41	1.32	0.06	1432
mplight	TRAIN	123	311.4	0.8	-6.53	2.50	0.06	1376
mplight	TEST	123	288.0	100.0	-4.85	1.86	0.06	1425
mplight	TRAIN	124	295.5	0.8	-5.06	1.94	0.06	1439
mplight	TEST	124	244.3	100.0	-4.20	1.62	0.05	1390
mplight	TRAIN	125	243.5	0.7	-3.29	1.28	0.05	1433
mplight	TEST	125	253.9	100.0	-3.65	1.42	0.05	1438
mplight	TRAIN	126	275.8	0.7	-5.06	1.94	0.06	1378
mplight	TEST	126	244.5	100.0	-4.50	1.74	0.05	1373
mplight	TRAIN	127	314.4	0.8	-6.74	2.57	0.06	1385
mplight	TEST	127	240.8	100.0	-3.21	1.25	0.05	1432
mplight	TRAIN	128	269.5	0.8	-4.15	1.60	0.06	1431
mplight	TEST	128	255.5	100.0	-6.13	2.34	0.05	1329
mplight	TRAIN	129	282.3	0.8	-5.95	2.28	0.05	1371
mplight	TEST	129	226.8	100.0	-2.75	1.07	0.05	1432
mplight	TRAIN	130	274.2	0.7	-5.89	2.25	0.05	1362
mplight	TEST	130	277.0	100.0	-5.48	2.10	0.06	1371
mplight	TRAIN	131	262.1	0.8	-3.93	1.51	0.05	1427
mplight	TEST	131	355.1	100.0	-12.85	4.86	0.08	1166
mplight	TRAIN	132	266.3	0.7	-4.06	1.56	0.05	1437
mplight	TEST	132	269.4	100.0	-8.54	3.25	0.06	1228
mplight	TRAIN	133	317.2	0.7	-5.87	2.25	0.06	1417
mplight	TEST	133	358.9	100.0	-9.83	3.73	0.07	1297
mplight	TRAIN	134	233.8	0.8	-3.00	1.17	0.05	1425
mplight	TEST	134	301.0	100.0	-10.10	3.83	0.07	1226
mplight	TRAIN	135	272.0	0.7	-4.29	1.65	0.05	1424
mplight	TEST	135	335.2	100.0	-8.22	3.12	0.07	1320
mplight	TRAIN	136	275.9	0.7	-5.63	2.16	0.06	1358
mplight	TEST	136	272.7	100.0	-4.52	1.74	0.05	1410
mplight	TRAIN	137	261.6	0.8	-3.91	1.51	0.05	1430
mplight	TEST	137	290.9	100.0	-8.44	3.21	0.07	1278
mplight	TRAIN	138	311.3	0.8	-6.80	2.59	0.06	1356
mplight	TEST	138	221.6	100.0	-2.54	1.00	0.04	1439
mplight	TRAIN	139	300.0	0.8	-5.55	2.12	0.06	1414
mplight	TEST	139	318.8	100.0	-7.47	2.84	0.06	1332
mplight	TRAIN	140	268.2	0.8	-4.41	1.70	0.05	1411
mplight	TEST	140	287.4	100.0	-6.40	2.44	0.06	1348
mplight	TRAIN	141	233.8	0.8	-3.00	1.17	0.05	1426
mplight	TEST	141	262.7	100.0	-4.95	1.90	0.05	1372
mplight	TRAIN	142	302.0	0.7	-6.13	2.34	0.06	1385
mplight	TEST	142	221.2	100.0	-2.49	0.98	0.04	1440
mplight	TRAIN	143	295.3	0.7	-5.37	2.06	0.05	1404
mplight	TEST	143	227.2	100.0	-2.71	1.06	0.05	1437
mplight	TRAIN	144	253.0	0.7	-3.85	1.49	0.05	1417
mplight	TEST	144	326.1	100.0	-9.12	3.46	0.07	1275
mplight	TRAIN	145	238.6	0.6	-3.15	1.22	0.05	1435
mplight	TEST	145	316.8	100.0	-11.89	4.50	0.07	1155
mplight	TRAIN	146	264.2	0.6	-3.99	1.54	0.05	1433
mplight	TEST	146	228.7	100.0	-2.78	1.09	0.05	1435
mplight	TRAIN	147	286.2	0.6	-4.85	1.86	0.05	1426
mplight	TEST	147	308.1	100.0	-13.55	5.12	0.08	1107
mplight	TRAIN	148	382.4	0.6	-7.97	3.03	0.06	1419
mplight	TEST	148	269.0	100.0	-8.39	3.19	0.06	1245
mplight	TRAIN	149	362.8	0.6	-10.96	4.15	0.07	1276
mplight	TEST	149	225.2	100.0	-2.67	1.04	0.05	1429
mplight	TRAIN	150	229.7	0.6	-2.90	1.13	0.04	1427
mplight	TEST	150	265.1	100.0	-4.05	1.56	0.05	1421
mplight	TRAIN	151	251.3	0.5	-5.57	2.13	0.05	1349
mplight	TEST	151	215.6	100.0	-2.35	0.92	0.04	1428
mplight	TRAIN	152	262.0	0.5	-4.28	1.65	0.05	1408
mplight	TEST	152	258.1	100.0	-5.75	2.19	0.06	1321
mplight	TRAIN	153	279.9	0.6	-4.58	1.76	0.05	1417
mplight	TEST	153	227.3	100.0	-3.73	1.44	0.05	1385
mplight	TRAIN	154	265.0	0.6	-4.77	1.83	0.05	1397
mplight	TEST	154	241.0	100.0	-6.25	2.39	0.05	1304
mplight	TRAIN	155	227.5	0.5	-2.79	1.09	0.05	1423
mplight	TEST	155	285.4	100.0	-14.66	5.54	0.07	1030
mplight	TRAIN	156	323.3	0.4	-6.24	2.38	0.06	1421
mplight	TEST	156	290.3	100.0	-7.59	2.89	0.06	1288
mplight	TRAIN	157	228.5	0.5	-3.46	1.34	0.05	1391
mplight	TEST	157	218.7	100.0	-2.46	0.96	0.04	1438
mplight	TRAIN	158	223.6	0.4	-2.69	1.05	0.04	1424
mplight	TEST	158	229.4	100.0	-2.74	1.07	0.04	1428
mplight	TRAIN	159	240.3	0.4	-3.38	1.31	0.05	1423
mplight	TEST	159	234.4	100.0	-2.96	1.15	0.04	1434
mplight	TRAIN	160	219.5	0.4	-2.67	1.04	0.04	1410
mplight	TEST	160	295.3	100.0	-10.77	4.07	0.06	1202
mplight	TRAIN	161	232.7	0.3	-2.94	1.14	0.05	1437
mplight	TEST	161	225.8	100.0	-3.52	1.36	0.05	1393
mplight	TRAIN	162	218.4	0.4	-2.41	0.94	0.04	1438
mplight	TEST	162	222.0	100.0	-2.52	0.99	0.04	1433
mplight	TRAIN	163	218.4	0.3	-2.66	1.04	0.04	1420
mplight	TEST	163	213.4	100.0	-2.31	0.90	0.04	1434
mplight	TRAIN	164	262.4	0.4	-7.91	3.01	0.06	1288
mplight	TEST	164	285.0	100.0	-10.34	3.92	0.06	1201
mplight	TRAIN	165	261.7	0.4	-3.92	1.51	0.05	1431
mplight	TEST	165	249.6	100.0	-5.03	1.92	0.05	1364
mplight	TRAIN	166	234.0	0.4	-5.17	1.98	0.05	1321
mplight	TEST	166	236.1	100.0	-2.99	1.16	0.05	1431
mplight	TRAIN	167	239.7	0.4	-3.17	1.23	0.05	1427
mplight	TEST	167	209.2	100.0	-2.14	0.84	0.04	1428
mplight	TRAIN	168	244.6	0.4	-3.32	1.28	0.05	1440
mplight	TEST	168	216.6	100.0	-2.38	0.93	0.04	1435
mplight	TRAIN	169	297.9	0.5	-5.50	2.10	0.06	1403
mplight	TEST	169	239.1	100.0	-3.41	1.32	0.05	1416
mplight	TRAIN	170	241.6	0.4	-3.23	1.25	0.05	1432
mplight	TEST	170	242.1	100.0	-7.27	2.77	0.05	1252
mplight	TRAIN	171	280.5	0.4	-4.62	1.77	0.05	1411
mplight	TEST	171	296.8	100.0	-9.10	3.45	0.07	1245
mplight	TRAIN	172	220.3	0.4	-2.50	0.98	0.04	1432
mplight	TEST	172	221.0	100.0	-2.48	0.97	0.04	1436
mplight	TRAIN	173	234.0	0.3	-3.62	1.39	0.04	1397
mplight	TEST	173	296.3	100.0	-13.74	5.19	0.07	1108
mplight	TRAIN	174	279.4	0.4	-4.52	1.73	0.05	1425
mplight	TEST	174	258.9	100.0	-10.07	3.82	0.07	1148
mplight	TRAIN	175	261.3	0.5	-3.86	1.49	0.05	1435
mplight	TEST	175	217.9	100.0	-3.32	1.29	0.04	1389
mplight	TRAIN	176	286.3	0.4	-7.35	2.80	0.05	1317
mplight	TEST	176	214.2	100.0	-2.30	0.90	0.04	1434
mplight	TRAIN	177	231.9	0.4	-3.50	1.35	0.05	1397
mplight	TEST	177	306.9	100.0	-8.69	3.30	0.07	1270
mplight	TRAIN	178	281.8	0.4	-4.55	1.74	0.05	1434
mplight	TEST	178	297.0	100.0	-6.99	2.66	0.06	1323
mplight	TRAIN	179	241.6	0.4	-3.21	1.24	0.05	1435
mplight	TEST	179	222.9	100.0	-2.62	1.02	0.04	1428
mplight	TRAIN	180	226.6	0.4	-3.65	1.41	0.05	1393
mplight	TEST	180	238.7	100.0	-3.09	1.20	0.05	1432
mplight	TRAIN	181	237.6	0.4	-5.01	1.92	0.05	1349
mplight	TEST	181	217.2	100.0	-2.38	0.93	0.04	1430
mplight	TRAIN	182	281.5	0.4	-4.57	1.75	0.05	1434
mplight	TEST	182	213.2	100.0	-2.25	0.88	0.04	1433
mplight	TRAIN	183	230.8	0.4	-3.53	1.36	0.05	1381
mplight	TEST	183	219.3	100.0	-2.49	0.97	0.04	1431
mplight	TRAIN	184	228.2	0.4	-2.74	1.06	0.04	1440
mplight	TEST	184	215.7	100.0	-2.40	0.94	0.04	1429
mplight	TRAIN	185	219.3	0.3	-2.49	0.97	0.04	1433
mplight	TEST	185	280.9	100.0	-6.96	2.65	0.05	1304
mplight	TRAIN	186	258.5	0.4	-4.52	1.73	0.05	1385
mplight	TEST	186	340.2	100.0	-9.04	3.43	0.07	1284
mplight	TRAIN	187	224.4	0.4	-2.83	1.10	0.04	1417
mplight	TEST	187	257.6	100.0	-6.29	2.40	0.06	1299
mplight	TRAIN	188	248.8	0.4	-5.14	1.97	0.05	1335
mplight	TEST	188	288.3	100.0	-5.36	2.05	0.06	1386
mplight	TRAIN	189	281.1	0.4	-4.82	1.85	0.05	1422
mplight	TEST	189	233.3	100.0	-2.89	1.13	0.05	1432
mplight	TRAIN	190	249.1	0.5	-3.49	1.35	0.05	1431
mplight	TEST	190	268.2	100.0	-5.17	1.98	0.06	1363
mplight	TRAIN	191	260.4	0.5	-3.84	1.48	0.05	1431
mplight	TEST	191	217.3	100.0	-2.36	0.93	0.04	1438
mplight	TRAIN	192	218.1	0.5	-2.53	0.99	0.04	1422
mplight	TEST	192	234.4	100.0	-3.12	1.21	0.05	1413
mplight	TRAIN	193	250.7	0.4	-3.53	1.36	0.04	1432
mplight	TEST	193	231.7	100.0	-3.48	1.34	0.04	1402
mplight	TRAIN	194	246.2	0.5	-3.22	1.25	0.04	1438
mplight	TEST	194	219.9	100.0	-2.56	1.00	0.04	1427
mplight	TRAIN	195	211.4	0.5	-2.16	0.85	0.04	1442
mplight	TEST	195	208.3	100.0	-2.06	0.81	0.04	1434
mplight	TRAIN	196	213.2	0.4	-2.21	0.87	0.04	1436
mplight	TEST	196	220.5	100.0	-3.25	1.26	0.04	1411
mplight	TRAIN	197	265.6	0.4	-4.73	1.81	0.05	1365
mplight	TEST	197	249.1	100.0	-9.16	3.47	0.06	1206
mplight	TRAIN	198	302.2	0.5	-9.78	3.71	0.07	1227
mplight	TEST	198	263.4	100.0	-9.51	3.61	0.06	1190
mplight	TRAIN	199	286.4	0.6	-8.29	3.15	0.06	1282
mplight	TEST	199	272.1	100.0	-6.02	2.30	0.06	1332
