colight	TRAIN	0	281.5	0.0	-55.25	1.77	0.06	1426
colight	TEST	0	600.0	100.0	-284.05	8.91	0.13	1018
colight	TRAIN	1	255.4	0.0	-45.32	1.46	0.05	1423
colight	TEST	1	600.0	100.0	-284.05	8.91	0.13	1018
colight	TRAIN	2	278.2	0.9	-53.55	1.72	0.06	1441
colight	TEST	2	178.2	100.0	-13.01	0.42	0.03	1439
colight	TRAIN	3	310.3	1.7	-58.03	1.86	0.04	1421
colight	TEST	3	152.8	100.0	-0.12	0.00	0.01	1457
colight	TRAIN	4	166.9	15.0	-6.84	0.25	0.02	1444
colight	TEST	4	166.7	100.0	-7.19	0.24	0.02	1450
colight	TRAIN	5	164.7	15.7	-5.81	0.21	0.02	1454
colight	TEST	5	152.7	100.0	-0.08	0.00	0.01	1457
colight	TRAIN	6	165.4	15.9	-6.01	0.22	0.02	1452
colight	TEST	6	168.2	100.0	-6.96	0.25	0.02	1450
colight	TRAIN	7	163.9	27.0	-5.46	0.20	0.02	1453
colight	TEST	7	162.9	100.0	-5.45	0.19	0.02	1453
colight	TRAIN	8	161.1	8.9	-4.41	0.16	0.01	1442
colight	TEST	8	153.0	100.0	-0.21	0.01	0.01	1457
colight	TRAIN	9	157.9	12.2	-2.58	0.10	0.01	1456
colight	TEST	9	156.4	100.0	-2.07	0.07	0.01	1453
colight	TRAIN	10	157.8	30.7	-2.77	0.10	0.01	1454
colight	TEST	10	153.4	100.0	-0.55	0.02	0.01	1457
colight	TRAIN	11	156.7	7.8	-2.18	0.08	0.01	1450
colight	TEST	11	154.4	100.0	-0.70	0.03	0.01	1453
colight	TRAIN	12	156.6	4.0	-2.05	0.08	0.01	1456
colight	TEST	12	161.6	100.0	-4.69	0.16	0.01	1452
colight	TRAIN	13	182.4	1.7	-10.71	0.35	0.01	1449
colight	TEST	13	153.1	100.0	-0.33	0.01	0.01	1457
colight	TRAIN	14	155.8	1.4	-1.47	0.06	0.01	1457
colight	TEST	14	153.1	100.0	-0.21	0.01	0.01	1456
colight	TRAIN	15	155.2	1.4	-1.22	0.05	0.01	1454
colight	TEST	15	153.1	100.0	-0.22	0.01	0.01	1456
colight	TRAIN	16	154.3	1.2	-0.76	0.03	0.01	1456
colight	TEST	16	154.2	100.0	-0.62	0.02	0.01	1455
colight	TRAIN	17	154.4	1.6	-0.85	0.03	0.01	1455
colight	TEST	17	152.8	100.0	-0.14	0.00	0.01	1457
colight	TRAIN	18	153.9	0.2	-0.56	0.02	0.01	1456
colight	TEST	18	167.9	100.0	-24.10	0.76	0.01	1383
colight	TRAIN	19	153.9	0.2	-0.67	0.03	0.01	1457
colight	TEST	19	152.8	100.0	-0.20	0.01	0.01	1455
colight	TRAIN	20	153.5	0.1	-0.38	0.01	0.01	1457
colight	TEST	20	152.8	100.0	-0.08	0.00	0.01	1457
colight	TRAIN	21	153.4	0.1	-0.32	0.01	0.01	1457
colight	TEST	21	152.7	100.0	-0.11	0.00	0.01	1457
colight	TRAIN	22	153.3	0.1	-0.34	0.01	0.01	1455
colight	TEST	22	152.9	100.0	-0.09	0.00	0.01	1458
colight	TRAIN	23	153.2	0.1	-0.21	0.01	0.01	1457
colight	TEST	23	152.8	100.0	-0.14	0.00	0.01	1456
colight	TRAIN	24	153.4	0.1	-0.33	0.01	0.01	1457
colight	TEST	24	179.6	100.0	-28.57	0.90	0.01	1384
colight	TRAIN	25	153.5	0.1	-0.32	0.01	0.01	1458
colight	TEST	25	153.2	100.0	-0.21	0.01	0.01	1458
colight	TRAIN	26	153.2	0.1	-0.29	0.01	0.01	1457
colight	TEST	26	152.9	100.0	-0.15	0.00	0.01	1457
colight	TRAIN	27	153.0	0.0	-0.22	0.01	0.01	1458
colight	TEST	27	152.6	100.0	-0.11	0.00	0.01	1457
colight	TRAIN	28	153.1	0.0	-0.25	0.01	0.01	1457
colight	TEST	28	152.8	100.0	-0.15	0.01	0.01	1457
colight	TRAIN	29	153.1	0.0	-0.29	0.01	0.01	1456
colight	TEST	29	153.1	100.0	-0.16	0.01	0.01	1458
colight	TRAIN	30	153.0	0.0	-0.22	0.01	0.01	1455
colight	TEST	30	153.4	100.0	-0.46	0.02	0.01	1457
colight	TRAIN	31	189.7	0.3	-22.29	0.70	0.01	1415
colight	TEST	31	153.8	100.0	-0.71	0.03	0.01	1457
colight	TRAIN	32	154.2	0.3	-0.84	0.03	0.01	1457
colight	TEST	32	155.0	100.0	-1.35	0.05	0.01	1454
colight	TRAIN	33	154.4	0.1	-0.94	0.03	0.01	1457
colight	TEST	33	155.5	100.0	-1.54	0.05	0.01	1456
colight	TRAIN	34	155.3	0.4	-1.38	0.05	0.01	1456
colight	TEST	34	155.5	100.0	-1.43	0.05	0.01	1455
colight	TRAIN	35	155.5	0.3	-1.49	0.05	0.01	1455
colight	TEST	35	155.3	100.0	-1.39	0.05	0.01	1455
colight	TRAIN	36	154.4	0.6	-0.92	0.03	0.01	1456
colight	TEST	36	153.4	100.0	-0.31	0.01	0.01	1457
colight	TRAIN	37	153.5	0.5	-0.42	0.02	0.01	1456
colight	TEST	37	153.8	100.0	-0.51	0.02	0.01	1456
colight	TRAIN	38	153.7	1.1	-0.47	0.02	0.01	1457
colight	TEST	38	153.0	100.0	-0.12	0.00	0.01	1456
colight	TRAIN	39	154.0	0.6	-0.57	0.02	0.01	1454
colight	TEST	39	154.6	100.0	-0.86	0.03	0.01	1457
colight	TRAIN	40	153.1	0.7	-0.25	0.01	0.01	1457
colight	TEST	40	153.2	100.0	-0.31	0.01	0.01	1457
colight	TRAIN	41	154.1	1.2	-0.60	0.02	0.01	1458
colight	TEST	41	190.0	100.0	-13.46	0.42	0.01	1456
colight	TRAIN	42	153.5	0.5	-0.43	0.02	0.01	1457
colight	TEST	42	153.2	100.0	-0.18	0.01	0.01	1457
colight	TRAIN	43	154.0	0.4	-0.55	0.02	0.01	1456
colight	TEST	43	153.0	100.0	-0.21	0.01	0.01	1457
colight	TRAIN	44	153.3	0.3	-0.33	0.01	0.01	1457
colight	TEST	44	152.9	100.0	-0.25	0.01	0.01	1456
colight	TRAIN	45	153.4	0.2	-0.39	0.02	0.01	1457
colight	TEST	45	152.9	100.0	-0.20	0.01	0.01	1457
colight	TRAIN	46	153.0	0.0	-0.16	0.01	0.01	1457
colight	TEST	46	155.3	100.0	-0.89	0.04	0.01	1454
colight	TRAIN	47	153.1	0.0	-0.18	0.01	0.01	1457
colight	TEST	47	153.0	100.0	-0.14	0.01	0.01	1457
colight	TRAIN	48	211.8	0.1	-21.82	0.68	0.01	1455
colight	TEST	48	153.1	100.0	-0.20	0.01	0.01	1457
colight	TRAIN	49	153.6	0.5	-0.41	0.02	0.01	1458
colight	TEST	49	153.0	100.0	-0.16	0.01	0.01	1458
colight	TRAIN	50	154.0	0.3	-0.68	0.03	0.01	1456
colight	TEST	50	207.2	100.0	-19.88	0.62	0.01	1458
colight	TRAIN	51	153.7	0.2	-0.51	0.02	0.01	1457
colight	TEST	51	153.3	100.0	-0.29	0.01	0.01	1456
colight	TRAIN	52	153.7	0.1	-0.53	0.02	0.01	1457
colight	TEST	52	153.0	100.0	-0.20	0.01	0.01	1456
colight	TRAIN	53	153.2	0.1	-0.28	0.01	0.01	1457
colight	TEST	53	153.0	100.0	-0.21	0.01	0.01	1457
colight	TRAIN	54	153.2	0.2	-0.31	0.01	0.01	1457
colight	TEST	54	152.7	100.0	-0.09	0.00	0.01	1457
colight	TRAIN	55	153.4	0.1	-0.47	0.02	0.01	1458
colight	TEST	55	152.9	100.0	-0.16	0.01	0.01	1457
colight	TRAIN	56	153.2	0.0	-0.28	0.01	0.01	1456
colight	TEST	56	153.0	100.0	-0.17	0.01	0.01	1457
colight	TRAIN	57	153.1	0.0	-0.22	0.01	0.01	1456
colight	TEST	57	153.0	100.0	-0.22	0.01	0.01	1457
colight	TRAIN	58	153.4	0.0	-0.41	0.01	0.01	1457
colight	TEST	58	153.0	100.0	-0.16	0.01	0.01	1458
colight	TRAIN	59	153.5	0.0	-0.38	0.01	0.01	1457
colight	TEST	59	153.1	100.0	-0.27	0.01	0.01	1457
colight	TRAIN	60	153.0	0.0	-0.21	0.01	0.01	1456
colight	TEST	60	153.0	100.0	-0.23	0.01	0.01	1457
colight	TRAIN	61	153.0	0.0	-0.27	0.01	0.01	1457
colight	TEST	61	153.2	100.0	-0.20	0.01	0.01	1458
colight	TRAIN	62	153.3	0.0	-0.29	0.01	0.01	1457
colight	TEST	62	153.0	100.0	-0.17	0.01	0.01	1457
colight	TRAIN	63	153.1	0.0	-0.18	0.01	0.01	1457
colight	TEST	63	153.0	100.0	-0.11	0.00	0.01	1458
colight	TRAIN	64	153.1	0.0	-0.17	0.01	0.01	1456
colight	TEST	64	153.0	100.0	-0.11	0.00	0.01	1457
colight	TRAIN	65	153.0	0.0	-0.25	0.01	0.01	1457
colight	TEST	65	153.4	100.0	-0.28	0.01	0.01	1457
colight	TRAIN	66	153.0	0.0	-0.26	0.01	0.01	1457
colight	TEST	66	153.1	100.0	-0.17	0.01	0.01	1456
colight	TRAIN	67	153.3	0.0	-0.33	0.01	0.01	1458
colight	TEST	67	181.4	100.0	-16.33	0.52	0.01	1403
colight	TRAIN	68	153.2	0.0	-0.29	0.01	0.01	1455
colight	TEST	68	153.2	100.0	-0.23	0.01	0.01	1457
colight	TRAIN	69	153.2	0.0	-0.26	0.01	0.01	1458
colight	TEST	69	152.9	100.0	-0.11	0.00	0.01	1456
colight	TRAIN	70	153.2	0.0	-0.25	0.01	0.01	1456
colight	TEST	70	153.3	100.0	-0.28	0.01	0.01	1458
colight	TRAIN	71	153.0	0.0	-0.23	0.01	0.01	1457
colight	TEST	71	153.0	100.0	-0.27	0.01	0.01	1457
colight	TRAIN	72	153.3	0.0	-0.30	0.01	0.01	1457
colight	TEST	72	153.1	100.0	-0.24	0.01	0.01	1457
colight	TRAIN	73	153.1	0.0	-0.31	0.01	0.01	1456
colight	TEST	73	152.8	100.0	-0.14	0.00	0.01	1457
colight	TRAIN	74	153.1	0.0	-0.20	0.01	0.01	1458
colight	TEST	74	152.8	100.0	-0.14	0.01	0.01	1457
colight	TRAIN	75	153.0	0.0	-0.25	0.01	0.01	1457
colight	TEST	75	163.6	100.0	-3.55	0.11	0.01	1456
colight	TRAIN	76	216.0	0.0	-22.38	0.70	0.01	1454
colight	TEST	76	155.9	100.0	-1.68	0.06	0.01	1454
colight	TRAIN	77	155.6	0.2	-1.43	0.05	0.01	1456
colight	TEST	77	154.8	100.0	-0.92	0.04	0.01	1455
colight	TRAIN	78	154.3	0.3	-0.93	0.04	0.01	1455
colight	TEST	78	153.8	100.0	-0.54	0.02	0.01	1455
colight	TRAIN	79	153.8	0.3	-0.58	0.02	0.01	1457
colight	TEST	79	153.9	100.0	-0.60	0.02	0.01	1457
colight	TRAIN	80	153.8	0.1	-0.53	0.02	0.01	1455
colight	TEST	80	153.2	100.0	-0.31	0.01	0.01	1457
colight	TRAIN	81	153.4	0.1	-0.42	0.02	0.01	1457
colight	TEST	81	153.7	100.0	-0.51	0.02	0.01	1455
colight	TRAIN	82	153.2	0.1	-0.25	0.01	0.01	1457
colight	TEST	82	153.1	100.0	-0.21	0.01	0.01	1456
colight	TRAIN	83	153.4	0.1	-0.36	0.01	0.01	1457
colight	TEST	83	153.1	100.0	-0.19	0.01	0.01	1456
colight	TRAIN	84	153.2	0.1	-0.36	0.01	0.01	1455
colight	TEST	84	153.6	100.0	-0.47	0.02	0.01	1457
colight	TRAIN	85	153.4	0.1	-0.31	0.01	0.01	1457
colight	TEST	85	152.8	100.0	-0.14	0.00	0.01	1457
colight	TRAIN	86	154.2	0.1	-0.65	0.02	0.01	1457
colight	TEST	86	153.3	100.0	-0.22	0.01	0.01	1457
colight	TRAIN	87	153.5	0.1	-0.45	0.02	0.01	1457
colight	TEST	87	155.8	100.0	-1.60	0.06	0.01	1455
colight	TRAIN	88	153.9	0.2	-0.66	0.02	0.01	1457
colight	TEST	88	153.1	100.0	-0.22	0.01	0.01	1458
colight	TRAIN	89	153.7	0.1	-0.51	0.02	0.01	1457
colight	TEST	89	155.1	100.0	-1.11	0.04	0.01	1456
colight	TRAIN	90	177.6	0.3	-8.44	0.27	0.01	1456
colight	TEST	90	152.8	100.0	-0.08	0.00	0.01	1457
colight	TRAIN	91	155.6	0.2	-1.54	0.06	0.01	1454
colight	TEST	91	156.4	100.0	-1.64	0.06	0.01	1454
colight	TRAIN	92	156.8	0.2	-1.84	0.07	0.01	1456
colight	TEST	92	156.4	100.0	-2.29	0.08	0.01	1456
colight	TRAIN	93	190.2	0.2	-13.51	0.44	0.02	1449
colight	TEST	93	166.2	100.0	-6.15	0.22	0.02	1448
colight	TRAIN	94	156.4	0.4	-1.93	0.07	0.01	1457
colight	TEST	94	154.8	100.0	-1.26	0.05	0.01	1455
colight	TRAIN	95	155.0	0.2	-1.11	0.04	0.01	1454
colight	TEST	95	153.6	100.0	-0.43	0.02	0.01	1457
colight	TRAIN	96	155.0	0.2	-1.15	0.04	0.01	1458
colight	TEST	96	153.5	100.0	-0.38	0.02	0.01	1456
colight	TRAIN	97	154.1	0.1	-0.74	0.03	0.01	1455
colight	TEST	97	154.3	100.0	-1.05	0.04	0.01	1453
colight	TRAIN	98	153.7	0.1	-0.48	0.02	0.01	1456
colight	TEST	98	153.3	100.0	-0.26	0.01	0.01	1458
colight	TRAIN	99	153.5	0.2	-0.38	0.02	0.01	1457
colight	TEST	99	154.4	100.0	-0.63	0.03	0.01	1457
colight	TRAIN	100	153.7	0.1	-0.52	0.02	0.01	1456
colight	TEST	100	153.3	100.0	-0.32	0.01	0.01	1457
colight	TRAIN	101	153.4	0.1	-0.43	0.02	0.01	1456
colight	TEST	101	152.8	100.0	-0.14	0.00	0.01	1456
colight	TRAIN	102	153.2	0.1	-0.37	0.01	0.01	1458
colight	TEST	102	153.6	100.0	-0.55	0.02	0.01	1457
colight	TRAIN	103	153.5	0.1	-0.45	0.02	0.01	1457
colight	TEST	103	153.1	100.0	-0.25	0.01	0.01	1456
colight	TRAIN	104	153.4	0.1	-0.51	0.02	0.01	1457
colight	TEST	104	153.1	100.0	-0.20	0.01	0.01	1456
colight	TRAIN	105	153.5	0.1	-0.41	0.02	0.01	1457
colight	TEST	105	153.6	100.0	-0.38	0.02	0.01	1457
colight	TRAIN	106	212.8	0.2	-22.03	0.69	0.01	1456
colight	TEST	106	153.8	100.0	-0.70	0.03	0.01	1456
colight	TRAIN	107	156.3	0.4	-1.61	0.06	0.01	1456
colight	TEST	107	154.9	100.0	-0.95	0.04	0.01	1456
colight	TRAIN	108	154.3	0.3	-0.94	0.03	0.01	1456
colight	TEST	108	152.9	100.0	-0.16	0.01	0.01	1456
colight	TRAIN	109	154.3	0.4	-0.86	0.03	0.01	1455
colight	TEST	109	153.5	100.0	-0.47	0.02	0.01	1455
colight	TRAIN	110	154.6	0.3	-0.97	0.04	0.01	1455
colight	TEST	110	153.3	100.0	-0.36	0.01	0.01	1456
colight	TRAIN	111	170.9	0.5	-6.51	0.21	0.01	1455
colight	TEST	111	153.5	100.0	-0.43	0.02	0.01	1455
colight	TRAIN	112	153.6	0.8	-0.47	0.02	0.01	1457
colight	TEST	112	154.1	100.0	-0.92	0.03	0.01	1456
colight	TRAIN	113	157.6	0.6	-2.11	0.08	0.01	1456
colight	TEST	113	153.3	100.0	-0.30	0.01	0.01	1456
colight	TRAIN	114	153.4	0.4	-0.41	0.02	0.01	1457
colight	TEST	114	152.9	100.0	-0.27	0.01	0.01	1457
colight	TRAIN	115	153.4	0.3	-0.41	0.02	0.01	1456
colight	TEST	115	153.5	100.0	-0.41	0.02	0.01	1457
colight	TRAIN	116	153.5	0.3	-0.51	0.02	0.01	1456
colight	TEST	116	152.7	100.0	-0.10	0.00	0.01	1456
colight	TRAIN	117	154.1	0.2	-0.81	0.03	0.01	1457
colight	TEST	117	153.7	100.0	-0.55	0.02	0.01	1454
colight	TRAIN	118	153.3	0.1	-0.38	0.01	0.01	1456
colight	TEST	118	152.9	100.0	-0.21	0.01	0.01	1456
colight	TRAIN	119	183.6	0.2	-10.69	0.34	0.01	1455
colight	TEST	119	158.8	100.0	-3.50	0.12	0.01	1454
colight	TRAIN	120	154.4	0.5	-0.96	0.04	0.01	1457
colight	TEST	120	153.3	100.0	-0.32	0.01	0.01	1456
colight	TRAIN	121	154.1	0.8	-0.88	0.03	0.01	1453
colight	TEST	121	156.2	100.0	-1.93	0.07	0.01	1454
colight	TRAIN	122	163.1	0.9	-3.26	0.11	0.01	1457
colight	TEST	122	153.4	100.0	-0.37	0.01	0.01	1458
colight	TRAIN	123	154.7	0.3	-1.26	0.05	0.01	1455
colight	TEST	123	201.0	100.0	-27.95	0.88	0.01	1396
colight	TRAIN	124	156.8	0.4	-2.09	0.08	0.01	1451
colight	TEST	124	155.7	100.0	-1.76	0.06	0.01	1455
colight	TRAIN	125	155.9	0.1	-2.01	0.07	0.01	1456
colight	TEST	125	157.1	100.0	-2.13	0.08	0.01	1455
colight	TRAIN	126	154.8	0.1	-1.33	0.05	0.01	1456
colight	TEST	126	154.7	100.0	-1.20	0.04	0.01	1457
colight	TRAIN	127	154.3	0.1	-0.94	0.03	0.01	1457
colight	TEST	127	154.0	100.0	-0.70	0.03	0.01	1456
colight	TRAIN	128	153.9	0.1	-0.62	0.02	0.01	1458
colight	TEST	128	153.3	100.0	-0.42	0.01	0.01	1457
colight	TRAIN	129	154.0	0.1	-0.59	0.02	0.01	1456
colight	TEST	129	153.4	100.0	-0.37	0.01	0.01	1458
colight	TRAIN	130	153.3	0.0	-0.37	0.01	0.01	1455
colight	TEST	130	153.3	100.0	-0.31	0.01	0.01	1457
colight	TRAIN	131	153.3	0.0	-0.36	0.01	0.01	1455
colight	TEST	131	152.9	100.0	-0.16	0.01	0.01	1457
colight	TRAIN	132	153.2	0.0	-0.25	0.01	0.01	1458
colight	TEST	132	152.9	100.0	-0.11	0.00	0.01	1457
colight	TRAIN	133	153.0	0.0	-0.21	0.01	0.01	1457
colight	TEST	133	153.0	100.0	-0.17	0.01	0.01	1457
colight	TRAIN	134	153.1	0.0	-0.22	0.01	0.01	1457
colight	TEST	134	152.9	100.0	-0.10	0.00	0.01	1457
colight	TRAIN	135	153.5	0.0	-0.34	0.01	0.01	1456
colight	TEST	135	153.0	100.0	-0.22	0.01	0.01	1458
colight	TRAIN	136	153.0	0.0	-0.21	0.01	0.01	1456
colight	TEST	136	153.1	100.0	-0.15	0.01	0.01	1456
colight	TRAIN	137	152.9	0.0	-0.15	0.01	0.01	1457
colight	TEST	137	152.9	100.0	-0.11	0.00	0.01	1457
colight	TRAIN	138	191.0	0.0	-20.37	0.64	0.01	1409
colight	TEST	138	160.1	100.0	-3.00	0.11	0.01	1452
colight	TRAIN	139	153.9	0.3	-0.59	0.02	0.01	1457
colight	TEST	139	152.9	100.0	-0.24	0.01	0.01	1456
colight	TRAIN	140	154.4	0.2	-0.76	0.03	0.01	1456
colight	TEST	140	153.1	100.0	-0.27	0.01	0.01	1457
colight	TRAIN	141	153.4	0.1	-0.47	0.02	0.01	1455
colight	TEST	141	153.3	100.0	-0.35	0.01	0.01	1457
colight	TRAIN	142	153.5	0.1	-0.48	0.02	0.01	1456
colight	TEST	142	154.1	100.0	-0.93	0.03	0.01	1455
colight	TRAIN	143	153.8	0.1	-0.52	0.02	0.01	1454
colight	TEST	143	153.9	100.0	-0.53	0.02	0.01	1455
colight	TRAIN	144	170.1	0.1	-9.41	0.30	0.01	1414
colight	TEST	144	155.0	100.0	-1.40	0.05	0.01	1456
colight	TRAIN	145	154.2	0.3	-0.86	0.03	0.01	1457
colight	TEST	145	157.5	100.0	-2.67	0.09	0.01	1455
colight	TRAIN	146	155.7	0.1	-1.73	0.06	0.01	1456
colight	TEST	146	153.1	100.0	-0.17	0.01	0.01	1457
colight	TRAIN	147	154.4	0.3	-1.00	0.04	0.01	1455
colight	TEST	147	180.9	100.0	-41.46	1.31	0.03	1320
colight	TRAIN	148	161.7	0.3	-4.62	0.16	0.01	1455
colight	TEST	148	159.6	100.0	-3.84	0.13	0.01	1454
colight	TRAIN	149	160.3	0.3	-4.20	0.14	0.01	1454
colight	TEST	149	161.1	100.0	-4.77	0.16	0.01	1453
colight	TRAIN	150	155.8	0.2	-1.90	0.07	0.01	1456
colight	TEST	150	154.8	100.0	-1.38	0.05	0.01	1458
colight	TRAIN	151	154.6	0.2	-1.01	0.04	0.01	1457
colight	TEST	151	153.4	100.0	-0.40	0.01	0.01	1457
colight	TRAIN	152	153.8	0.1	-0.48	0.02	0.01	1458
colight	TEST	152	153.3	100.0	-0.43	0.02	0.01	1457
colight	TRAIN	153	153.8	0.1	-0.55	0.02	0.01	1458
colight	TEST	153	153.1	100.0	-0.20	0.01	0.01	1457
colight	TRAIN	154	154.1	0.1	-0.53	0.02	0.01	1457
colight	TEST	154	152.7	100.0	-0.09	0.00	0.01	1457
colight	TRAIN	155	153.1	0.0	-0.25	0.01	0.01	1458
colight	TEST	155	152.9	100.0	-0.16	0.01	0.01	1456
colight	TRAIN	156	153.2	0.1	-0.36	0.01	0.01	1454
colight	TEST	156	153.0	100.0	-0.18	0.01	0.01	1457
colight	TRAIN	157	153.3	0.1	-0.35	0.01	0.01	1457
colight	TEST	157	152.9	100.0	-0.17	0.01	0.01	1457
colight	TRAIN	158	153.0	0.0	-0.19	0.01	0.01	1456
colight	TEST	158	152.8	100.0	-0.13	0.00	0.01	1457
colight	TRAIN	159	185.3	0.1	-17.97	0.56	0.01	1411
colight	TEST	159	153.1	100.0	-0.16	0.01	0.01	1456
colight	TRAIN	160	153.3	0.4	-0.31	0.01	0.01	1457
colight	TEST	160	153.7	100.0	-0.40	0.02	0.01	1457
colight	TRAIN	161	154.1	0.3	-0.56	0.02	0.01	1457
colight	TEST	161	153.9	100.0	-0.52	0.02	0.01	1458
colight	TRAIN	162	153.7	0.3	-0.47	0.02	0.01	1457
colight	TEST	162	153.1	100.0	-0.21	0.01	0.01	1457
colight	TRAIN	163	153.5	0.2	-0.55	0.02	0.01	1457
colight	TEST	163	153.0	100.0	-0.33	0.01	0.01	1457
colight	TRAIN	164	153.7	0.2	-0.56	0.02	0.01	1457
colight	TEST	164	154.0	100.0	-0.62	0.02	0.01	1457
colight	TRAIN	165	154.7	0.1	-1.04	0.04	0.01	1455
colight	TEST	165	153.2	100.0	-0.24	0.01	0.01	1457
colight	TRAIN	166	154.2	0.1	-0.94	0.04	0.01	1456
colight	TEST	166	153.2	100.0	-0.29	0.01	0.01	1457
colight	TRAIN	167	153.5	0.0	-0.41	0.02	0.01	1457
colight	TEST	167	153.1	100.0	-0.29	0.01	0.01	1456
colight	TRAIN	168	153.4	0.0	-0.37	0.01	0.01	1457
colight	TEST	168	173.0	100.0	-6.29	0.20	0.01	1458
colight	TRAIN	169	181.7	0.4	-23.82	0.75	0.02	1389
colight	TEST	169	154.4	100.0	-0.62	0.03	0.01	1455
colight	TRAIN	170	154.9	0.9	-1.18	0.04	0.01	1453
colight	TEST	170	155.3	100.0	-1.39	0.05	0.01	1455
colight	TRAIN	171	155.5	0.7	-1.18	0.05	0.01	1456
colight	TEST	171	153.8	100.0	-0.61	0.02	0.01	1456
colight	TRAIN	172	155.9	0.9	-1.36	0.05	0.01	1457
colight	TEST	172	153.2	100.0	-0.28	0.01	0.01	1457
colight	TRAIN	173	156.6	0.5	-2.04	0.08	0.01	1454
colight	TEST	173	162.7	100.0	-4.47	0.16	0.02	1450
colight	TRAIN	174	157.6	0.2	-2.45	0.09	0.01	1453
colight	TEST	174	164.3	100.0	-5.12	0.18	0.02	1452
colight	TRAIN	175	217.9	0.6	-25.30	0.80	0.02	1453
colight	TEST	175	192.3	100.0	-30.99	0.98	0.02	1387
colight	TRAIN	176	159.0	0.8	-3.04	0.11	0.01	1450
colight	TEST	176	153.3	100.0	-0.28	0.01	0.01	1457
colight	TRAIN	177	158.3	0.9	-2.68	0.10	0.01	1456
colight	TEST	177	157.6	100.0	-3.06	0.11	0.01	1456
colight	TRAIN	178	156.4	0.5	-1.89	0.07	0.01	1457
colight	TEST	178	155.0	100.0	-1.21	0.05	0.01	1455
colight	TRAIN	179	156.7	0.3	-1.95	0.07	0.01	1454
colight	TEST	179	157.6	100.0	-2.79	0.10	0.01	1455
colight	TRAIN	180	154.5	0.2	-1.05	0.04	0.01	1455
colight	TEST	180	154.3	100.0	-0.96	0.03	0.01	1457
colight	TRAIN	181	154.8	0.2	-1.23	0.05	0.01	1454
colight	TEST	181	154.6	100.0	-0.81	0.03	0.01	1457
colight	TRAIN	182	157.3	0.2	-2.58	0.09	0.01	1456
colight	TEST	182	162.8	100.0	-5.52	0.19	0.02	1451
colight	TRAIN	183	156.4	0.1	-2.08	0.07	0.01	1455
colight	TEST	183	153.0	100.0	-0.32	0.01	0.01	1457
colight	TRAIN	184	154.0	0.1	-0.78	0.03	0.01	1456
colight	TEST	184	153.8	100.0	-0.80	0.03	0.01	1455
colight	TRAIN	185	153.2	0.1	-0.40	0.01	0.01	1457
colight	TEST	185	152.8	100.0	-0.11	0.00	0.01	1457
colight	TRAIN	186	153.4	0.1	-0.35	0.01	0.01	1456
colight	TEST	186	153.1	100.0	-0.22	0.01	0.01	1458
colight	TRAIN	187	153.1	0.1	-0.28	0.01	0.01	1456
colight	TEST	187	152.8	100.0	-0.16	0.01	0.01	1457
colight	TRAIN	188	197.7	0.1	-14.87	0.47	0.01	1457
colight	TEST	188	154.7	100.0	-0.84	0.03	0.01	1455
colight	TRAIN	189	153.5	0.2	-0.42	0.02	0.01	1457
colight	TEST	189	153.0	100.0	-0.21	0.01	0.01	1457
colight	TRAIN	190	153.1	0.1	-0.33	0.01	0.01	1458
colight	TEST	190	152.7	100.0	-0.14	0.00	0.01	1457
colight	TRAIN	191	153.4	0.1	-0.33	0.01	0.01	1456
colight	TEST	191	152.8	100.0	-0.08	0.00	0.01	1457
colight	TRAIN	192	153.7	0.1	-0.40	0.02	0.01	1456
colight	TEST	192	153.3	100.0	-0.26	0.01	0.01	1457
colight	TRAIN	193	153.8	0.2	-0.45	0.02	0.01	1457
colight	TEST	193	153.0	100.0	-0.18	0.01	0.01	1457
colight	TRAIN	194	153.7	0.1	-0.44	0.02	0.01	1458
colight	TEST	194	152.9	100.0	-0.16	0.01	0.01	1457
colight	TRAIN	195	153.4	0.1	-0.33	0.01	0.01	1456
colight	TEST	195	155.4	100.0	-1.07	0.04	0.01	1455
colight	TRAIN	196	153.7	0.1	-0.42	0.02	0.01	1456
colight	TEST	196	154.5	100.0	-0.73	0.03	0.01	1457
colight	TRAIN	197	154.1	0.1	-0.81	0.03	0.01	1458
colight	TEST	197	153.8	100.0	-0.56	0.02	0.01	1457
colight	TRAIN	198	154.3	0.0	-1.05	0.04	0.01	1455
colight	TEST	198	156.8	100.0	-1.96	0.07	0.01	1454
colight	TRAIN	199	154.6	0.1	-1.01	0.04	0.01	1457
colight	TEST	199	153.9	100.0	-0.87	0.03	0.01	1456
