mplight	TRAIN	0	121.3	nan	-4.90	9.77	0.43	2801
mplight	TEST	0	102.4	100.0	-3.82	7.59	0.40	2788
mplight	TRAIN	1	114.5	0.5	-5.19	10.90	0.44	2725
mplight	TEST	1	129.4	100.0	-5.11	10.68	0.45	2805
mplight	TRAIN	2	104.4	0.4	-4.18	8.13	0.41	2779
mplight	TEST	2	115.5	100.0	-5.15	9.78	0.43	2788
mplight	TRAIN	3	130.6	0.5	-3.94	8.06	0.41	2803
mplight	TEST	3	103.1	100.0	-4.01	7.85	0.42	2796
mplight	TRAIN	4	112.4	0.6	-3.98	8.44	0.41	2798
mplight	TEST	4	104.3	100.0	-4.21	8.55	0.42	2813
mplight	TRAIN	5	110.4	0.6	-4.24	8.66	0.40	2791
mplight	TEST	5	97.6	100.0	-3.50	7.52	0.40	2798
mplight	TRAIN	6	118.7	0.7	-3.90	8.17	0.43	2814
mplight	TEST	6	136.4	100.0	-5.13	10.78	0.45	2809
mplight	TRAIN	7	101.8	0.8	-4.40	9.34	0.42	2701
mplight	TEST	7	114.7	100.0	-4.81	10.17	0.42	2806
mplight	TRAIN	8	106.1	0.8	-3.51	7.56	0.43	2803
mplight	TEST	8	111.8	100.0	-3.68	8.38	0.41	2784
mplight	TRAIN	9	96.6	0.8	-3.83	7.65	0.41	2797
mplight	TEST	9	101.8	100.0	-3.79	8.20	0.41	2788
mplight	TRAIN	10	106.5	0.8	-3.62	7.80	0.39	2800
mplight	TEST	10	93.9	100.0	-3.09	6.40	0.39	2776
mplight	TRAIN	11	100.2	0.8	-3.55	7.43	0.39	2794
mplight	TEST	11	113.2	100.0	-3.36	7.46	0.41	2783
mplight	TRAIN	12	117.3	0.8	-4.11	8.38	0.41	2801
mplight	TEST	12	116.2	100.0	-3.87	7.93	0.41	2806
mplight	TRAIN	13	104.5	0.8	-3.60	7.73	0.40	2801
mplight	TEST	13	95.3	100.0	-3.56	6.81	0.40	2804
mplight	TRAIN	14	89.6	0.7	-2.75	6.09	0.37	2806
mplight	TEST	14	124.8	100.0	-4.50	9.40	0.41	2815
mplight	TRAIN	15	113.5	0.7	-4.51	9.53	0.42	2809
mplight	TEST	15	111.3	100.0	-4.55	9.97	0.42	2810
mplight	TRAIN	16	102.4	0.8	-3.69	8.07	0.41	2767
mplight	TEST	16	98.2	100.0	-3.07	6.63	0.39	2815
mplight	TRAIN	17	95.0	0.7	-2.69	5.81	0.38	2775
mplight	TEST	17	124.9	100.0	-3.19	7.45	0.42	2788
mplight	TRAIN	18	107.6	0.8	-3.50	7.21	0.40	2803
mplight	TEST	18	117.5	100.0	-3.65	8.40	0.43	2799
mplight	TRAIN	19	115.9	0.8	-3.50	7.33	0.42	2769
mplight	TEST	19	98.6	100.0	-3.13	6.50	0.40	2813
mplight	TRAIN	20	151.2	0.8	-5.24	12.39	0.44	2711
mplight	TEST	20	104.1	100.0	-2.93	6.30	0.38	2803
mplight	TRAIN	21	126.3	0.8	-3.80	7.90	0.41	2776
mplight	TEST	21	95.2	100.0	-3.31	7.43	0.39	2810
mplight	TRAIN	22	105.1	0.8	-3.41	7.26	0.39	2737
mplight	TEST	22	93.1	100.0	-3.36	7.13	0.39	2808
mplight	TRAIN	23	96.1	0.9	-3.11	6.33	0.37	2780
mplight	TEST	23	93.1	100.0	-3.26	6.70	0.40	2787
mplight	TRAIN	24	109.6	0.9	-3.64	7.76	0.39	2813
mplight	TEST	24	86.1	100.0	-2.59	5.57	0.37	2794
mplight	TRAIN	25	91.7	0.9	-2.52	5.44	0.37	2797
mplight	TEST	25	98.5	100.0	-2.76	5.88	0.39	2812
mplight	TRAIN	26	105.7	0.9	-3.55	8.09	0.41	2793
mplight	TEST	26	93.8	100.0	-3.12	6.66	0.39	2765
mplight	TRAIN	27	105.1	0.8	-2.99	6.25	0.37	2783
mplight	TEST	27	95.6	100.0	-3.03	6.59	0.39	2810
mplight	TRAIN	28	97.6	0.8	-2.60	5.63	0.37	2797
mplight	TEST	28	101.9	100.0	-3.19	6.63	0.39	2810
mplight	TRAIN	29	94.4	0.9	-2.84	6.35	0.39	2802
mplight	TEST	29	101.3	100.0	-2.87	6.38	0.40	2801
mplight	TRAIN	30	102.2	0.8	-3.38	7.26	0.40	2787
mplight	TEST	30	88.5	100.0	-2.67	5.57	0.36	2810
mplight	TRAIN	31	105.8	0.7	-2.53	5.74	0.38	2813
mplight	TEST	31	92.3	100.0	-3.26	6.96	0.38	2775
mplight	TRAIN	32	87.1	0.7	-2.16	4.67	0.35	2786
mplight	TEST	32	99.5	100.0	-3.25	6.67	0.39	2796
mplight	TRAIN	33	93.7	0.6	-2.64	5.40	0.36	2786
mplight	TEST	33	103.7	100.0	-3.13	6.82	0.39	2803
mplight	TRAIN	34	81.4	0.5	-2.22	5.06	0.35	2798
mplight	TEST	34	91.5	100.0	-2.13	4.86	0.35	2807
mplight	TRAIN	35	101.1	0.5	-2.38	5.27	0.38	2803
mplight	TEST	35	91.8	100.0	-2.48	5.77	0.37	2782
mplight	TRAIN	36	125.0	0.5	-4.18	9.70	0.40	2791
mplight	TEST	36	97.6	100.0	-2.37	5.34	0.36	2800
mplight	TRAIN	37	96.3	0.6	-2.83	5.84	0.38	2802
mplight	TEST	37	80.2	100.0	-2.21	4.88	0.36	2805
mplight	TRAIN	38	99.6	0.6	-2.62	5.58	0.38	2809
mplight	TEST	38	90.1	100.0	-2.32	5.01	0.35	2798
mplight	TRAIN	39	90.6	0.6	-2.85	5.85	0.36	2798
mplight	TEST	39	96.0	100.0	-2.35	5.33	0.36	2809
mplight	TRAIN	40	91.0	0.6	-2.65	5.45	0.38	2813
mplight	TEST	40	96.9	100.0	-2.82	6.10	0.36	2791
mplight	TRAIN	41	99.8	0.6	-2.70	6.07	0.39	2814
mplight	TEST	41	89.4	100.0	-2.48	5.86	0.37	2801
mplight	TRAIN	42	86.9	0.7	-2.14	4.83	0.35	2803
mplight	TEST	42	89.8	100.0	-2.38	5.36	0.36	2793
mplight	TRAIN	43	87.6	0.7	-2.70	6.17	0.38	2784
mplight	TEST	43	91.2	100.0	-1.99	4.49	0.35	2814
mplight	TRAIN	44	106.8	0.7	-2.43	5.70	0.37	2798
mplight	TEST	44	117.8	100.0	-3.42	8.35	0.38	2799
mplight	TRAIN	45	80.6	0.6	-1.74	3.97	0.34	2805
mplight	TEST	45	86.8	100.0	-1.95	4.22	0.33	2814
mplight	TRAIN	46	109.3	0.6	-2.87	6.81	0.38	2791
mplight	TEST	46	97.7	100.0	-2.10	4.91	0.36	2817
mplight	TRAIN	47	83.7	0.6	-1.94	4.52	0.35	2789
mplight	TEST	47	87.7	100.0	-2.20	5.19	0.35	2801
mplight	TRAIN	48	81.1	0.6	-1.97	4.51	0.34	2822
mplight	TEST	48	82.7	100.0	-2.41	4.90	0.35	2813
mplight	TRAIN	49	89.7	0.6	-2.25	4.94	0.37	2801
mplight	TEST	49	83.9	100.0	-2.00	4.48	0.34	2811
mplight	TRAIN	50	88.0	0.6	-2.05	4.71	0.36	2807
mplight	TEST	50	91.3	100.0	-1.87	4.24	0.34	2806
mplight	TRAIN	51	90.0	0.6	-1.74	4.10	0.33	2813
mplight	TEST	51	86.0	100.0	-2.10	4.71	0.34	2800
mplight	TRAIN	52	101.1	0.5	-2.59	5.76	0.37	2808
mplight	TEST	52	98.7	100.0	-2.44	5.70	0.36	2813
mplight	TRAIN	53	80.9	0.4	-1.87	4.19	0.34	2805
mplight	TEST	53	78.3	100.0	-1.69	3.96	0.32	2808
mplight	TRAIN	54	95.8	0.4	-1.93	4.39	0.34	2794
mplight	TEST	54	93.6	100.0	-2.20	4.94	0.35	2789
mplight	TRAIN	55	84.6	0.4	-1.93	4.24	0.34	2796
mplight	TEST	55	81.1	100.0	-1.65	3.76	0.33	2804
mplight	TRAIN	56	97.0	0.4	-2.67	6.45	0.36	2798
mplight	TEST	56	83.2	100.0	-1.77	4.00	0.32	2797
mplight	TRAIN	57	79.2	0.4	-1.78	4.11	0.33	2814
mplight	TEST	57	81.7	100.0	-1.71	4.01	0.33	2814
mplight	TRAIN	58	80.5	0.4	-1.97	4.49	0.33	2799
mplight	TEST	58	106.4	100.0	-2.21	5.33	0.34	2806
mplight	TRAIN	59	108.8	0.4	-2.26	5.25	0.34	2813
mplight	TEST	59	81.8	100.0	-2.04	4.59	0.33	2776
mplight	TRAIN	60	83.3	0.5	-2.19	4.73	0.34	2805
mplight	TEST	60	82.6	100.0	-1.64	3.93	0.32	2806
mplight	TRAIN	61	80.3	0.5	-1.63	3.71	0.32	2813
mplight	TEST	61	83.1	100.0	-2.04	4.39	0.33	2805
mplight	TRAIN	62	79.0	0.5	-1.76	4.12	0.34	2813
mplight	TEST	62	75.9	100.0	-1.64	3.70	0.33	2819
mplight	TRAIN	63	98.5	0.5	-1.78	3.91	0.33	2802
mplight	TEST	63	83.7	100.0	-1.68	3.79	0.31	2797
mplight	TRAIN	64	81.1	0.4	-1.81	4.04	0.31	2795
mplight	TEST	64	75.6	100.0	-1.63	3.71	0.31	2792
mplight	TRAIN	65	85.0	0.4	-1.66	3.89	0.34	2811
mplight	TEST	65	78.6	100.0	-1.55	3.47	0.32	2802
mplight	TRAIN	66	79.8	0.4	-1.99	4.65	0.32	2781
mplight	TEST	66	81.9	100.0	-1.87	4.38	0.34	2809
mplight	TRAIN	67	91.5	0.4	-1.73	4.07	0.31	2818
mplight	TEST	67	101.4	100.0	-2.77	6.84	0.34	2817
mplight	TRAIN	68	88.5	0.4	-1.81	4.23	0.33	2797
mplight	TEST	68	73.2	100.0	-1.28	3.24	0.29	2810
mplight	TRAIN	69	83.4	0.3	-1.74	4.18	0.33	2807
mplight	TEST	69	79.1	100.0	-1.38	3.26	0.31	2810
mplight	TRAIN	70	81.0	0.3	-1.78	4.02	0.32	2813
mplight	TEST	70	72.3	100.0	-1.48	3.43	0.31	2788
mplight	TRAIN	71	73.9	0.3	-1.71	3.62	0.31	2794
mplight	TEST	71	78.5	100.0	-1.39	3.41	0.32	2798
mplight	TRAIN	72	79.6	0.3	-1.56	3.62	0.31	2802
mplight	TEST	72	77.3	100.0	-1.45	3.44	0.32	2806
mplight	TRAIN	73	77.9	0.3	-1.63	3.90	0.31	2816
mplight	TEST	73	75.3	100.0	-1.48	3.55	0.31	2813
mplight	TRAIN	74	107.9	0.3	-3.05	7.57	0.37	2792
mplight	TEST	74	82.0	100.0	-2.05	4.85	0.32	2775
mplight	TRAIN	75	91.0	0.4	-2.34	5.44	0.34	2811
mplight	TEST	75	81.9	100.0	-1.51	3.61	0.31	2808
mplight	TRAIN	76	82.1	0.4	-1.49	3.57	0.31	2814
mplight	TEST	76	77.5	100.0	-1.42	3.32	0.31	2814
mplight	TRAIN	77	74.2	0.4	-1.37	3.28	0.31	2798
mplight	TEST	77	78.9	100.0	-1.48	3.53	0.31	2817
mplight	TRAIN	78	84.8	0.4	-1.45	3.63	0.32	2816
mplight	TEST	78	76.1	100.0	-1.43	3.45	0.31	2796
mplight	TRAIN	79	86.7	0.4	-1.60	3.70	0.31	2810
mplight	TEST	79	76.5	100.0	-1.45	3.40	0.31	2816
mplight	TRAIN	80	77.1	0.4	-1.50	3.57	0.30	2812
mplight	TEST	80	79.9	100.0	-1.53	3.48	0.32	2815
mplight	TRAIN	81	73.5	0.4	-1.35	3.25	0.31	2815
mplight	TEST	81	72.5	100.0	-1.33	3.13	0.30	2813
mplight	TRAIN	82	75.2	0.4	-1.21	2.92	0.29	2816
mplight	TEST	82	80.4	100.0	-1.42	3.26	0.31	2803
mplight	TRAIN	83	86.7	0.4	-1.69	4.23	0.31	2796
mplight	TEST	83	76.9	100.0	-1.42	3.41	0.31	2817
mplight	TRAIN	84	72.4	0.3	-1.32	3.08	0.29	2815
mplight	TEST	84	83.9	100.0	-1.31	3.23	0.30	2796
mplight	TRAIN	85	80.7	0.3	-1.62	3.60	0.31	2812
mplight	TEST	85	75.1	100.0	-1.25	3.01	0.30	2810
mplight	TRAIN	86	73.1	0.3	-1.46	3.48	0.32	2813
mplight	TEST	86	74.8	100.0	-1.39	3.47	0.30	2799
mplight	TRAIN	87	117.4	0.4	-2.45	6.11	0.34	2808
mplight	TEST	87	73.9	100.0	-1.30	3.27	0.29	2814
mplight	TRAIN	88	78.7	0.4	-1.35	3.28	0.31	2808
mplight	TEST	88	72.7	100.0	-1.18	2.85	0.29	2805
mplight	TRAIN	89	84.1	0.4	-1.35	3.29	0.30	2811
mplight	TEST	89	75.6	100.0	-1.29	3.02	0.30	2812
mplight	TRAIN	90	75.1	0.4	-1.43	3.37	0.31	2811
mplight	TEST	90	120.8	100.0	-3.32	8.55	0.36	2792
mplight	TRAIN	91	78.1	0.4	-1.23	2.93	0.30	2804
mplight	TEST	91	73.3	100.0	-1.21	2.91	0.29	2817
mplight	TRAIN	92	75.4	0.4	-1.24	3.00	0.28	2815
mplight	TEST	92	86.3	100.0	-1.85	4.65	0.31	2823
mplight	TRAIN	93	70.9	0.4	-1.30	3.02	0.29	2815
mplight	TEST	93	69.7	100.0	-1.09	2.66	0.29	2813
mplight	TRAIN	94	83.4	0.4	-1.68	4.16	0.31	2817
mplight	TEST	94	85.4	100.0	-1.57	3.66	0.30	2809
mplight	TRAIN	95	167.1	0.4	-4.90	12.66	0.39	2634
mplight	TEST	95	73.2	100.0	-1.25	2.96	0.29	2806
mplight	TRAIN	96	73.8	0.4	-1.31	3.08	0.30	2813
mplight	TEST	96	76.7	100.0	-1.08	2.72	0.29	2809
mplight	TRAIN	97	84.9	0.4	-1.19	2.76	0.28	2815
mplight	TEST	97	76.7	100.0	-1.21	2.96	0.28	2816
mplight	TRAIN	98	71.4	0.4	-1.21	2.92	0.28	2805
mplight	TEST	98	70.6	100.0	-1.18	2.89	0.28	2812
mplight	TRAIN	99	70.0	0.3	-1.11	2.73	0.28	2814
mplight	TEST	99	74.5	100.0	-1.16	2.86	0.29	2802
mplight	TRAIN	100	73.6	0.3	-1.13	2.85	0.29	2807
mplight	TEST	100	100.6	100.0	-2.22	5.65	0.33	2814
mplight	TRAIN	101	69.4	0.3	-1.13	2.73	0.28	2816
mplight	TEST	101	79.2	100.0	-1.06	2.64	0.27	2812
mplight	TRAIN	102	70.8	0.3	-1.13	2.68	0.28	2798
mplight	TEST	102	76.2	100.0	-1.29	3.24	0.30	2806
mplight	TRAIN	103	74.8	0.3	-1.33	3.20	0.29	2813
mplight	TEST	103	73.9	100.0	-1.15	2.96	0.28	2806
mplight	TRAIN	104	70.4	0.3	-0.96	2.43	0.27	2821
mplight	TEST	104	70.4	100.0	-1.07	2.68	0.28	2815
mplight	TRAIN	105	69.6	0.2	-1.15	2.82	0.28	2815
mplight	TEST	105	70.2	100.0	-0.99	2.44	0.28	2810
mplight	TRAIN	106	70.0	0.2	-1.09	2.74	0.28	2801
mplight	TEST	106	70.9	100.0	-1.11	2.72	0.27	2817
mplight	TRAIN	107	80.9	0.2	-1.11	2.79	0.28	2804
mplight	TEST	107	70.0	100.0	-1.06	2.56	0.28	2800
mplight	TRAIN	108	79.2	0.2	-1.02	2.55	0.27	2817
mplight	TEST	108	68.2	100.0	-0.92	2.36	0.27	2810
mplight	TRAIN	109	84.1	0.2	-1.05	2.70	0.28	2814
mplight	TEST	109	168.0	100.0	-3.86	10.12	0.37	2771
mplight	TRAIN	110	76.5	0.2	-1.12	2.80	0.29	2810
mplight	TEST	110	70.2	100.0	-1.00	2.54	0.28	2811
mplight	TRAIN	111	67.6	0.2	-0.93	2.42	0.26	2819
mplight	TEST	111	69.8	100.0	-0.93	2.42	0.27	2815
mplight	TRAIN	112	79.9	0.2	-0.97	2.58	0.27	2813
mplight	TEST	112	72.8	100.0	-1.02	2.53	0.28	2814
mplight	TRAIN	113	69.3	0.2	-0.95	2.47	0.27	2811
mplight	TEST	113	68.1	100.0	-0.92	2.34	0.26	2810
mplight	TRAIN	114	72.1	0.2	-1.05	2.61	0.27	2814
mplight	TEST	114	70.9	100.0	-0.94	2.42	0.27	2821
mplight	TRAIN	115	87.7	0.2	-1.09	2.68	0.28	2815
mplight	TEST	115	76.8	100.0	-1.02	2.56	0.27	2819
mplight	TRAIN	116	74.9	0.2	-1.04	2.56	0.28	2807
mplight	TEST	116	69.3	100.0	-0.97	2.49	0.27	2818
mplight	TRAIN	117	78.7	0.2	-0.89	2.25	0.26	2814
mplight	TEST	117	66.5	100.0	-0.90	2.26	0.26	2811
mplight	TRAIN	118	74.5	0.2	-1.02	2.61	0.28	2809
mplight	TEST	118	67.9	100.0	-0.84	2.13	0.25	2813
mplight	TRAIN	119	74.5	0.2	-1.05	2.62	0.27	2822
mplight	TEST	119	77.5	100.0	-0.96	2.44	0.27	2814
mplight	TRAIN	120	70.8	0.2	-1.07	2.74	0.28	2813
mplight	TEST	120	77.7	100.0	-1.02	2.53	0.26	2815
mplight	TRAIN	121	68.2	0.2	-0.90	2.30	0.26	2817
mplight	TEST	121	67.9	100.0	-0.98	2.32	0.26	2811
mplight	TRAIN	122	70.0	0.2	-0.94	2.42	0.27	2809
mplight	TEST	122	78.5	100.0	-0.96	2.47	0.26	2793
mplight	TRAIN	123	67.3	0.2	-0.88	2.28	0.26	2815
mplight	TEST	123	72.2	100.0	-0.90	2.30	0.26	2820
mplight	TRAIN	124	67.9	0.2	-0.92	2.37	0.26	2799
mplight	TEST	124	68.3	100.0	-0.94	2.35	0.26	2812
mplight	TRAIN	125	66.4	0.2	-0.80	2.05	0.26	2816
mplight	TEST	125	76.3	100.0	-0.87	2.32	0.25	2800
mplight	TRAIN	126	66.8	0.2	-0.89	2.24	0.26	2816
mplight	TEST	126	74.4	100.0	-0.88	2.30	0.25	2813
mplight	TRAIN	127	69.6	0.2	-0.93	2.41	0.27	2818
mplight	TEST	127	72.5	100.0	-0.92	2.36	0.26	2820
mplight	TRAIN	128	79.0	0.2	-0.85	2.18	0.25	2812
mplight	TEST	128	65.6	100.0	-0.76	2.00	0.25	2818
mplight	TRAIN	129	66.5	0.2	-0.78	2.00	0.26	2818
mplight	TEST	129	66.9	100.0	-0.86	2.19	0.27	2814
mplight	TRAIN	130	81.8	0.2	-1.12	2.78	0.27	2815
mplight	TEST	130	67.8	100.0	-0.87	2.26	0.26	2808
mplight	TRAIN	131	72.1	0.2	-0.87	2.24	0.26	2818
mplight	TEST	131	85.2	100.0	-0.87	2.21	0.26	2810
mplight	TRAIN	132	68.7	0.2	-0.77	2.06	0.25	2809
mplight	TEST	132	76.7	100.0	-0.79	2.08	0.25	2819
mplight	TRAIN	133	69.6	0.2	-0.94	2.44	0.26	2819
mplight	TEST	133	69.0	100.0	-0.91	2.39	0.26	2819
mplight	TRAIN	134	119.5	0.2	-3.23	8.47	0.33	2814
mplight	TEST	134	67.0	100.0	-0.80	2.10	0.25	2817
mplight	TRAIN	135	70.1	0.2	-0.83	2.18	0.26	2810
mplight	TEST	135	70.1	100.0	-0.95	2.48	0.26	2816
mplight	TRAIN	136	67.0	0.2	-0.79	2.09	0.25	2821
mplight	TEST	136	70.7	100.0	-1.08	2.75	0.26	2817
mplight	TRAIN	137	96.2	0.2	-3.05	7.92	0.31	2660
mplight	TEST	137	74.6	100.0	-1.31	3.40	0.26	2750
mplight	TRAIN	138	107.5	0.3	-2.22	5.80	0.30	2817
mplight	TEST	138	68.4	100.0	-0.84	2.21	0.26	2817
mplight	TRAIN	139	64.4	0.3	-0.75	1.90	0.24	2817
mplight	TEST	139	66.1	100.0	-0.76	2.08	0.25	2823
mplight	TRAIN	140	72.0	0.4	-0.77	2.01	0.25	2813
mplight	TEST	140	101.2	100.0	-2.94	7.68	0.31	2702
mplight	TRAIN	141	65.9	0.4	-0.68	1.80	0.24	2823
mplight	TEST	141	67.6	100.0	-0.81	2.15	0.26	2817
mplight	TRAIN	142	66.1	0.4	-0.71	1.91	0.25	2810
mplight	TEST	142	77.2	100.0	-0.75	1.99	0.25	2818
mplight	TRAIN	143	84.3	0.4	-1.45	3.76	0.26	2815
mplight	TEST	143	67.1	100.0	-0.74	2.00	0.24	2820
mplight	TRAIN	144	68.1	0.3	-0.80	2.08	0.25	2817
mplight	TEST	144	104.9	100.0	-2.25	5.92	0.29	2821
mplight	TRAIN	145	66.1	0.3	-0.71	1.90	0.25	2818
mplight	TEST	145	66.0	100.0	-0.72	1.91	0.24	2820
mplight	TRAIN	146	74.9	0.3	-0.68	1.87	0.24	2814
mplight	TEST	146	67.3	100.0	-0.74	1.97	0.25	2813
mplight	TRAIN	147	141.7	0.2	-2.98	7.85	0.31	2776
mplight	TEST	147	67.3	100.0	-0.76	1.97	0.25	2820
mplight	TRAIN	148	67.1	0.2	-0.67	1.83	0.23	2816
mplight	TEST	148	66.5	100.0	-0.68	1.83	0.24	2815
mplight	TRAIN	149	66.2	0.2	-0.72	1.89	0.24	2819
mplight	TEST	149	67.4	100.0	-0.69	1.80	0.24	2817
mplight	TRAIN	150	65.2	0.2	-0.70	1.84	0.25	2803
mplight	TEST	150	67.3	100.0	-0.73	1.92	0.25	2821
mplight	TRAIN	151	65.5	0.3	-0.69	1.81	0.24	2815
mplight	TEST	151	65.5	100.0	-0.64	1.71	0.23	2817
mplight	TRAIN	152	65.9	0.3	-0.82	2.06	0.25	2806
mplight	TEST	152	67.6	100.0	-0.76	2.02	0.24	2816
mplight	TRAIN	153	65.9	0.2	-0.73	1.91	0.24	2820
mplight	TEST	153	66.2	100.0	-0.70	1.86	0.24	2819
mplight	TRAIN	154	201.0	0.2	-5.18	13.72	0.37	2255
mplight	TEST	154	64.9	100.0	-0.64	1.70	0.23	2817
mplight	TRAIN	155	73.7	0.3	-0.63	1.65	0.23	2816
mplight	TEST	155	258.8	100.0	-6.16	16.29	0.38	2276
mplight	TRAIN	156	67.7	0.2	-0.84	2.15	0.24	2795
mplight	TEST	156	64.1	100.0	-0.64	1.70	0.23	2818
mplight	TRAIN	157	65.0	0.2	-0.63	1.67	0.23	2817
mplight	TEST	157	65.9	100.0	-0.64	1.69	0.23	2815
mplight	TRAIN	158	122.5	0.2	-3.47	9.18	0.32	2556
mplight	TEST	158	63.2	100.0	-0.62	1.64	0.23	2820
mplight	TRAIN	159	121.2	0.3	-3.80	9.77	0.33	2775
mplight	TEST	159	64.4	100.0	-0.66	1.69	0.24	2817
mplight	TRAIN	160	66.9	0.3	-0.72	1.86	0.24	2818
mplight	TEST	160	64.5	100.0	-0.65	1.77	0.23	2820
mplight	TRAIN	161	100.9	0.4	-2.02	5.27	0.28	2816
mplight	TEST	161	72.6	100.0	-0.62	1.65	0.23	2818
mplight	TRAIN	162	63.9	0.4	-0.67	1.71	0.24	2817
mplight	TEST	162	64.0	100.0	-0.64	1.70	0.23	2821
mplight	TRAIN	163	66.4	0.4	-0.63	1.66	0.23	2813
mplight	TEST	163	68.6	100.0	-0.65	1.71	0.23	2821
mplight	TRAIN	164	97.0	0.4	-1.99	5.22	0.27	2821
mplight	TEST	164	66.0	100.0	-0.70	1.86	0.24	2821
mplight	TRAIN	165	109.3	0.4	-2.17	5.69	0.29	2820
mplight	TEST	165	73.1	100.0	-0.60	1.57	0.22	2820
mplight	TRAIN	166	65.8	0.4	-0.62	1.62	0.22	2819
mplight	TEST	166	73.3	100.0	-0.65	1.70	0.23	2820
mplight	TRAIN	167	66.8	0.4	-0.67	1.74	0.23	2818
mplight	TEST	167	92.3	100.0	-1.50	3.97	0.26	2822
mplight	TRAIN	168	63.6	0.4	-0.63	1.69	0.23	2820
mplight	TEST	168	67.0	100.0	-0.65	1.73	0.23	2823
mplight	TRAIN	169	94.9	0.3	-1.33	2.91	0.26	2815
mplight	TEST	169	63.5	100.0	-0.62	1.66	0.23	2819
mplight	TRAIN	170	75.2	0.3	-0.60	1.61	0.23	2819
mplight	TEST	170	63.0	100.0	-0.59	1.56	0.23	2818
mplight	TRAIN	171	67.1	0.3	-0.73	1.94	0.24	2821
mplight	TEST	171	64.1	100.0	-0.62	1.62	0.23	2819
mplight	TRAIN	172	127.4	0.3	-2.84	7.53	0.29	2694
mplight	TEST	172	70.3	100.0	-0.71	1.87	0.24	2819
mplight	TRAIN	173	70.5	0.3	-0.69	1.81	0.24	2816
mplight	TEST	173	65.0	100.0	-0.63	1.74	0.24	2822
mplight	TRAIN	174	65.3	0.3	-0.65	1.72	0.24	2812
mplight	TEST	174	64.4	100.0	-0.65	1.72	0.24	2821
mplight	TRAIN	175	65.8	0.2	-0.64	1.73	0.24	2821
mplight	TEST	175	65.1	100.0	-0.63	1.66	0.23	2815
mplight	TRAIN	176	73.9	0.2	-0.61	1.64	0.23	2815
mplight	TEST	176	69.7	100.0	-0.63	1.68	0.23	2812
mplight	TRAIN	177	82.4	0.2	-1.97	4.48	0.28	2813
mplight	TEST	177	69.8	100.0	-0.68	1.83	0.24	2819
mplight	TRAIN	178	66.8	0.3	-0.70	1.81	0.23	2823
mplight	TEST	178	67.3	100.0	-0.74	1.94	0.24	2813
mplight	TRAIN	179	63.9	0.2	-0.68	1.77	0.24	2817
mplight	TEST	179	71.8	100.0	-0.69	1.83	0.24	2819
mplight	TRAIN	180	65.9	0.3	-0.63	1.66	0.23	2819
mplight	TEST	180	64.9	100.0	-0.67	1.77	0.24	2817
mplight	TRAIN	181	66.1	0.2	-0.70	1.82	0.24	2818
mplight	TEST	181	66.5	100.0	-0.64	1.71	0.23	2820
mplight	TRAIN	182	65.7	0.2	-0.64	1.71	0.24	2817
mplight	TEST	182	66.6	100.0	-0.64	1.75	0.23	2807
mplight	TRAIN	183	68.4	0.2	-0.70	1.88	0.24	2818
mplight	TEST	183	67.1	100.0	-0.67	1.78	0.24	2818
mplight	TRAIN	184	65.8	0.2	-0.66	1.77	0.24	2817
mplight	TEST	184	90.6	100.0	-1.61	4.30	0.27	2821
mplight	TRAIN	185	70.9	0.2	-0.72	1.93	0.24	2816
mplight	TEST	185	67.1	100.0	-0.72	1.91	0.24	2814
mplight	TRAIN	186	65.0	0.2	-0.67	1.76	0.24	2817
mplight	TEST	186	65.7	100.0	-0.68	1.82	0.23	2815
mplight	TRAIN	187	81.8	0.1	-0.91	2.43	0.26	2821
mplight	TEST	187	71.4	100.0	-0.67	1.82	0.24	2815
mplight	TRAIN	188	65.9	0.1	-0.69	1.82	0.24	2818
mplight	TEST	188	71.6	100.0	-1.04	2.75	0.24	2820
mplight	TRAIN	189	80.3	0.1	-3.58	9.47	0.33	2283
mplight	TEST	189	65.0	100.0	-0.67	1.80	0.24	2816
mplight	TRAIN	190	68.2	0.2	-0.71	1.91	0.25	2814
mplight	TEST	190	65.7	100.0	-0.64	1.73	0.24	2818
mplight	TRAIN	191	66.3	0.2	-0.69	1.84	0.24	2817
mplight	TEST	191	85.4	100.0	-0.81	2.08	0.24	2816
mplight	TRAIN	192	67.4	0.2	-0.61	1.70	0.23	2819
mplight	TEST	192	279.9	100.0	-6.91	18.27	0.39	2002
mplight	TRAIN	193	73.5	0.2	-0.77	2.01	0.25	2819
mplight	TEST	193	72.3	100.0	-0.74	2.00	0.25	2818
mplight	TRAIN	194	66.7	0.2	-0.71	1.92	0.24	2808
mplight	TEST	194	65.7	100.0	-0.63	1.72	0.23	2818
mplight	TRAIN	195	68.3	0.2	-0.63	1.70	0.23	2816
mplight	TEST	195	70.1	100.0	-0.72	1.90	0.24	2818
mplight	TRAIN	196	70.4	0.2	-0.71	1.87	0.24	2815
mplight	TEST	196	63.7	100.0	-0.63	1.69	0.23	2815
mplight	TRAIN	197	76.6	0.2	-0.68	1.86	0.24	2816
mplight	TEST	197	68.0	100.0	-0.68	1.86	0.24	2817
mplight	TRAIN	198	67.0	0.2	-0.74	1.97	0.24	2817
mplight	TEST	198	66.9	100.0	-0.64	1.76	0.24	2819
mplight	TRAIN	199	73.4	0.2	-0.65	1.74	0.23	2817
mplight	TEST	199	76.2	100.0	-0.69	1.90	0.23	2811
