mplight	TRAIN	0	295.5	0.0	-5.49	2.10	0.06	1403
mplight	TEST	0	301.0	100.0	-5.33	2.04	0.06	1425
mplight	TRAIN	1	319.3	0.0	-6.06	2.32	0.06	1411
mplight	TEST	1	284.1	100.0	-4.89	1.88	0.06	1411
mplight	TRAIN	2	304.7	0.0	-5.36	2.06	0.06	1428
mplight	TEST	2	297.3	100.0	-5.18	1.99	0.06	1423
mplight	TRAIN	3	327.5	0.0	-6.33	2.42	0.06	1409
mplight	TEST	3	294.3	100.0	-5.20	1.99	0.06	1416
mplight	TRAIN	4	305.2	0.0	-5.79	2.22	0.06	1402
mplight	TEST	4	291.3	100.0	-5.14	1.97	0.06	1408
mplight	TRAIN	5	285.6	0.1	-4.92	1.89	0.06	1417
mplight	TEST	5	330.0	100.0	-6.44	2.46	0.07	1414
mplight	TRAIN	6	310.4	0.1	-5.69	2.18	0.07	1412
mplight	TEST	6	286.8	100.0	-4.88	1.87	0.06	1428
mplight	TRAIN	7	315.9	0.1	-5.81	2.22	0.06	1429
mplight	TEST	7	317.7	100.0	-6.12	2.34	0.07	1403
mplight	TRAIN	8	280.3	0.1	-4.79	1.84	0.06	1418
mplight	TEST	8	301.9	100.0	-5.58	2.13	0.06	1413
mplight	TRAIN	9	304.2	0.1	-5.73	2.19	0.06	1403
mplight	TEST	9	283.8	100.0	-4.81	1.85	0.06	1423
mplight	TRAIN	10	300.0	0.1	-5.31	2.03	0.06	1421
mplight	TEST	10	301.7	100.0	-5.33	2.04	0.06	1420
mplight	TRAIN	11	282.0	0.1	-4.62	1.78	0.06	1433
mplight	TEST	11	298.2	100.0	-5.19	1.99	0.06	1413
mplight	TRAIN	12	269.2	0.1	-4.21	1.62	0.06	1429
mplight	TEST	12	306.5	100.0	-5.65	2.16	0.06	1415
mplight	TRAIN	13	297.7	0.1	-5.21	2.00	0.06	1420
mplight	TEST	13	297.3	100.0	-5.26	2.01	0.06	1420
mplight	TRAIN	14	292.8	0.1	-5.03	1.93	0.06	1428
mplight	TEST	14	303.1	100.0	-5.43	2.08	0.06	1418
mplight	TRAIN	15	304.6	0.1	-5.49	2.10	0.06	1418
mplight	TEST	15	306.8	100.0	-5.53	2.11	0.06	1424
mplight	TRAIN	16	289.1	0.2	-4.97	1.91	0.06	1415
mplight	TEST	16	308.7	100.0	-5.54	2.12	0.06	1429
mplight	TRAIN	17	308.9	0.2	-5.65	2.16	0.06	1417
mplight	TEST	17	306.8	100.0	-5.59	2.14	0.06	1416
mplight	TRAIN	18	318.9	0.2	-5.88	2.25	0.06	1430
mplight	TEST	18	296.5	100.0	-5.12	1.97	0.06	1424
mplight	TRAIN	19	294.2	0.2	-5.06	1.94	0.06	1420
mplight	TEST	19	292.4	100.0	-5.05	1.94	0.06	1424
mplight	TRAIN	20	305.1	0.2	-5.45	2.09	0.06	1427
mplight	TEST	20	284.5	100.0	-4.76	1.83	0.06	1419
mplight	TRAIN	21	301.1	0.2	-5.37	2.06	0.06	1426
mplight	TEST	21	289.3	100.0	-4.88	1.88	0.06	1427
mplight	TRAIN	22	309.4	0.2	-5.61	2.15	0.06	1412
mplight	TEST	22	285.1	100.0	-4.73	1.82	0.06	1429
mplight	TRAIN	23	309.2	0.2	-5.57	2.13	0.06	1426
mplight	TEST	23	285.1	100.0	-4.74	1.82	0.06	1425
mplight	TRAIN	24	311.9	0.2	-5.90	2.26	0.06	1400
mplight	TEST	24	284.6	100.0	-4.92	1.89	0.06	1408
mplight	TRAIN	25	293.6	0.2	-5.05	1.94	0.06	1429
mplight	TEST	25	281.6	100.0	-4.56	1.76	0.06	1428
mplight	TRAIN	26	279.7	0.2	-4.54	1.75	0.06	1431
mplight	TEST	26	276.8	100.0	-4.51	1.74	0.06	1421
mplight	TRAIN	27	299.0	0.2	-5.28	2.02	0.06	1418
mplight	TEST	27	275.0	100.0	-4.43	1.71	0.06	1428
mplight	TRAIN	28	287.3	0.3	-4.94	1.90	0.06	1421
mplight	TEST	28	270.5	100.0	-4.21	1.63	0.06	1433
mplight	TRAIN	29	293.0	0.3	-5.12	1.96	0.06	1418
mplight	TEST	29	289.8	100.0	-5.09	1.95	0.06	1408
mplight	TRAIN	30	303.2	0.3	-5.49	2.10	0.06	1418
mplight	TEST	30	268.9	100.0	-4.19	1.62	0.06	1425
mplight	TRAIN	31	277.9	0.3	-4.53	1.74	0.06	1424
mplight	TEST	31	299.8	100.0	-5.36	2.05	0.06	1417
mplight	TRAIN	32	282.9	0.3	-4.94	1.90	0.06	1414
mplight	TEST	32	311.1	100.0	-6.00	2.29	0.06	1407
mplight	TRAIN	33	291.2	0.3	-5.18	1.98	0.06	1406
mplight	TEST	33	281.9	100.0	-4.71	1.81	0.06	1426
mplight	TRAIN	34	273.5	0.3	-4.39	1.69	0.06	1426
mplight	TEST	34	294.3	100.0	-5.27	2.02	0.06	1405
mplight	TRAIN	35	287.8	0.3	-4.86	1.86	0.06	1427
mplight	TEST	35	292.7	100.0	-5.07	1.94	0.06	1416
mplight	TRAIN	36	292.0	0.3	-4.99	1.91	0.06	1423
mplight	TEST	36	279.1	100.0	-4.57	1.76	0.06	1425
mplight	TRAIN	37	305.5	0.4	-5.44	2.08	0.06	1426
mplight	TEST	37	306.1	100.0	-5.50	2.11	0.06	1423
mplight	TRAIN	38	291.1	0.4	-5.10	1.96	0.06	1414
mplight	TEST	38	303.1	100.0	-5.52	2.11	0.06	1419
mplight	TRAIN	39	301.7	0.4	-5.38	2.06	0.06	1427
mplight	TEST	39	280.6	100.0	-4.64	1.78	0.06	1426
mplight	TRAIN	40	319.7	0.4	-6.04	2.31	0.06	1410
mplight	TEST	40	289.1	100.0	-4.87	1.87	0.06	1430
mplight	TRAIN	41	290.9	0.4	-5.02	1.92	0.06	1420
mplight	TEST	41	299.2	100.0	-5.20	1.99	0.06	1433
mplight	TRAIN	42	345.8	0.4	-8.05	3.07	0.07	1338
mplight	TEST	42	324.0	100.0	-6.33	2.42	0.07	1402
mplight	TRAIN	43	281.9	0.5	-4.74	1.82	0.06	1421
mplight	TEST	43	258.6	100.0	-3.83	1.48	0.05	1431
mplight	TRAIN	44	282.6	0.4	-4.67	1.80	0.06	1427
mplight	TEST	44	273.1	100.0	-4.33	1.67	0.06	1429
mplight	TRAIN	45	297.9	0.4	-5.36	2.05	0.06	1412
mplight	TEST	45	279.7	100.0	-4.58	1.76	0.06	1430
mplight	TRAIN	46	287.7	0.5	-4.91	1.88	0.06	1424
mplight	TEST	46	289.0	100.0	-4.86	1.87	0.06	1430
mplight	TRAIN	47	285.9	0.5	-4.95	1.90	0.06	1410
mplight	TEST	47	309.5	100.0	-5.71	2.18	0.06	1420
mplight	TRAIN	48	286.4	0.5	-4.90	1.88	0.06	1417
mplight	TEST	48	298.2	100.0	-5.29	2.03	0.07	1417
mplight	TRAIN	49	301.6	0.5	-5.34	2.04	0.06	1426
mplight	TEST	49	288.1	100.0	-4.85	1.87	0.06	1432
mplight	TRAIN	50	284.6	0.5	-4.76	1.83	0.06	1423
mplight	TEST	50	278.2	100.0	-4.50	1.73	0.06	1431
mplight	TRAIN	51	287.9	0.5	-4.88	1.87	0.06	1421
mplight	TEST	51	284.1	100.0	-4.72	1.81	0.06	1430
mplight	TRAIN	52	283.3	0.5	-4.71	1.81	0.06	1424
mplight	TEST	52	270.2	100.0	-4.21	1.62	0.06	1441
mplight	TRAIN	53	287.8	0.5	-4.85	1.86	0.06	1427
mplight	TEST	53	301.2	100.0	-5.48	2.10	0.06	1416
mplight	TRAIN	54	277.4	0.5	-5.53	2.12	0.06	1357
mplight	TEST	54	285.5	100.0	-4.85	1.86	0.06	1417
mplight	TRAIN	55	295.6	0.5	-5.28	2.02	0.06	1416
mplight	TEST	55	342.2	100.0	-6.83	2.60	0.07	1408
mplight	TRAIN	56	290.4	0.5	-4.92	1.89	0.06	1429
mplight	TEST	56	288.2	100.0	-4.90	1.88	0.06	1424
mplight	TRAIN	57	283.5	0.6	-4.68	1.80	0.06	1432
mplight	TEST	57	268.4	100.0	-4.33	1.67	0.06	1420
mplight	TRAIN	58	291.3	0.6	-4.92	1.88	0.06	1439
mplight	TEST	58	253.8	100.0	-3.68	1.42	0.06	1432
mplight	TRAIN	59	280.9	0.6	-4.63	1.78	0.06	1430
mplight	TEST	59	269.0	100.0	-4.20	1.62	0.06	1427
mplight	TRAIN	60	284.3	0.6	-4.80	1.84	0.06	1424
mplight	TEST	60	264.1	100.0	-4.02	1.55	0.06	1437
mplight	TRAIN	61	266.5	0.6	-4.11	1.58	0.06	1429
mplight	TEST	61	288.4	100.0	-5.07	1.94	0.06	1416
mplight	TRAIN	62	315.1	0.6	-5.66	2.16	0.06	1431
mplight	TEST	62	272.7	100.0	-4.33	1.67	0.06	1430
mplight	TRAIN	63	277.5	0.6	-4.50	1.73	0.06	1418
mplight	TEST	63	266.8	100.0	-4.12	1.59	0.06	1430
mplight	TRAIN	64	300.0	0.6	-5.28	2.02	0.07	1426
mplight	TEST	64	248.5	100.0	-3.49	1.36	0.05	1435
mplight	TRAIN	65	271.3	0.7	-4.27	1.64	0.06	1435
mplight	TEST	65	269.6	100.0	-4.24	1.63	0.06	1425
mplight	TRAIN	66	286.2	0.7	-4.80	1.84	0.06	1428
mplight	TEST	66	299.0	100.0	-5.30	2.03	0.06	1414
mplight	TRAIN	67	294.8	0.7	-5.78	2.21	0.06	1382
mplight	TEST	67	331.3	100.0	-7.77	2.95	0.07	1353
mplight	TRAIN	68	308.2	0.7	-5.56	2.13	0.07	1422
mplight	TEST	68	279.4	100.0	-4.56	1.75	0.06	1427
mplight	TRAIN	69	276.9	0.7	-4.53	1.74	0.06	1427
mplight	TEST	69	257.8	100.0	-3.83	1.48	0.06	1421
mplight	TRAIN	70	271.8	0.7	-4.29	1.65	0.06	1431
mplight	TEST	70	275.7	100.0	-4.45	1.71	0.06	1426
mplight	TRAIN	71	283.0	0.8	-4.72	1.81	0.06	1425
mplight	TEST	71	282.3	100.0	-4.67	1.79	0.06	1424
mplight	TRAIN	72	303.9	0.8	-5.45	2.09	0.06	1421
mplight	TEST	72	298.9	100.0	-5.26	2.01	0.07	1419
mplight	TRAIN	73	307.3	0.7	-5.50	2.10	0.07	1425
mplight	TEST	73	252.8	100.0	-3.67	1.42	0.06	1424
mplight	TRAIN	74	274.5	0.8	-4.49	1.72	0.06	1421
mplight	TEST	74	370.9	100.0	-9.82	3.72	0.08	1312
mplight	TRAIN	75	289.4	0.8	-4.94	1.89	0.06	1424
mplight	TEST	75	294.5	100.0	-5.74	2.19	0.06	1385
mplight	TRAIN	76	290.8	0.9	-5.07	1.94	0.06	1418
mplight	TEST	76	289.8	100.0	-4.89	1.87	0.06	1426
mplight	TRAIN	77	304.2	0.8	-5.47	2.09	0.07	1422
mplight	TEST	77	286.5	100.0	-4.87	1.87	0.06	1417
mplight	TRAIN	78	301.0	0.9	-5.30	2.03	0.07	1428
mplight	TEST	78	284.5	100.0	-4.74	1.82	0.06	1417
mplight	TRAIN	79	296.6	0.9	-5.41	2.07	0.06	1405
mplight	TEST	79	296.4	100.0	-5.20	1.99	0.06	1421
mplight	TRAIN	80	291.5	0.9	-5.71	2.18	0.07	1386
mplight	TEST	80	358.2	100.0	-9.33	3.54	0.08	1317
mplight	TRAIN	81	352.9	0.9	-7.61	2.89	0.07	1391
mplight	TEST	81	348.5	100.0	-7.85	2.98	0.07	1366
mplight	TRAIN	82	296.7	1.1	-5.14	1.97	0.06	1425
mplight	TEST	82	345.9	100.0	-8.08	3.07	0.07	1357
mplight	TRAIN	83	314.5	1.0	-5.86	2.24	0.07	1415
mplight	TEST	83	283.5	100.0	-4.78	1.83	0.06	1422
mplight	TRAIN	84	305.7	1.0	-5.93	2.27	0.07	1403
mplight	TEST	84	314.8	100.0	-5.89	2.24	0.07	1413
mplight	TRAIN	85	302.7	1.0	-5.32	2.04	0.07	1432
mplight	TEST	85	278.7	100.0	-5.08	1.95	0.06	1389
mplight	TRAIN	86	302.8	1.0	-5.40	2.07	0.06	1413
mplight	TEST	86	273.4	100.0	-4.37	1.68	0.06	1432
mplight	TRAIN	87	303.9	1.1	-5.40	2.07	0.07	1422
mplight	TEST	87	302.6	100.0	-5.45	2.09	0.07	1418
mplight	TRAIN	88	293.1	1.1	-5.02	1.93	0.06	1427
mplight	TEST	88	284.1	100.0	-4.73	1.81	0.06	1419
mplight	TRAIN	89	302.0	1.1	-5.34	2.05	0.07	1427
mplight	TEST	89	276.4	100.0	-4.53	1.74	0.06	1416
mplight	TRAIN	90	293.9	1.1	-5.06	1.94	0.06	1428
mplight	TEST	90	280.6	100.0	-4.82	1.85	0.06	1412
mplight	TRAIN	91	280.3	1.1	-4.63	1.78	0.06	1422
mplight	TEST	91	348.0	100.0	-7.46	2.83	0.07	1381
mplight	TRAIN	92	285.4	1.0	-5.05	1.94	0.06	1403
mplight	TEST	92	282.1	100.0	-5.21	1.99	0.06	1386
mplight	TRAIN	93	308.1	1.0	-5.74	2.19	0.06	1409
mplight	TEST	93	290.7	100.0	-4.99	1.91	0.06	1420
mplight	TRAIN	94	321.6	1.0	-6.40	2.44	0.07	1403
mplight	TEST	94	290.4	100.0	-5.17	1.98	0.06	1409
mplight	TRAIN	95	274.1	1.1	-4.52	1.74	0.06	1408
mplight	TEST	95	289.2	100.0	-4.97	1.90	0.07	1414
mplight	TRAIN	96	344.2	1.0	-6.77	2.58	0.07	1415
mplight	TEST	96	295.9	100.0	-5.84	2.23	0.06	1382
mplight	TRAIN	97	318.9	1.1	-6.41	2.44	0.07	1397
mplight	TEST	97	284.4	100.0	-5.03	1.93	0.07	1397
mplight	TRAIN	98	312.2	1.1	-5.64	2.16	0.07	1399
mplight	TEST	98	280.6	100.0	-4.59	1.76	0.06	1428
mplight	TRAIN	99	285.0	1.1	-5.00	1.92	0.07	1398
mplight	TEST	99	327.0	100.0	-6.68	2.54	0.07	1388
mplight	TRAIN	100	286.3	1.1	-4.76	1.83	0.06	1433
mplight	TEST	100	299.0	100.0	-5.72	2.19	0.07	1398
mplight	TRAIN	101	307.2	1.1	-5.60	2.14	0.07	1410
mplight	TEST	101	332.6	100.0	-6.97	2.65	0.07	1376
mplight	TRAIN	102	339.1	1.1	-6.65	2.53	0.07	1410
mplight	TEST	102	430.8	100.0	-12.86	4.86	0.09	1269
mplight	TRAIN	103	297.4	1.0	-5.41	2.07	0.07	1404
mplight	TEST	103	293.5	100.0	-5.05	1.93	0.07	1419
mplight	TRAIN	104	307.0	1.1	-5.61	2.14	0.07	1415
mplight	TEST	104	284.2	100.0	-4.87	1.87	0.06	1409
mplight	TRAIN	105	303.8	1.2	-5.47	2.09	0.07	1414
mplight	TEST	105	358.6	100.0	-7.58	2.88	0.08	1389
mplight	TRAIN	106	333.6	1.1	-7.41	2.82	0.07	1374
mplight	TEST	106	303.1	100.0	-5.34	2.05	0.07	1426
mplight	TRAIN	107	308.0	1.2	-5.78	2.21	0.07	1394
mplight	TEST	107	374.5	100.0	-8.73	3.31	0.07	1362
mplight	TRAIN	108	309.4	1.2	-5.71	2.18	0.07	1409
mplight	TEST	108	303.1	100.0	-5.72	2.18	0.07	1396
mplight	TRAIN	109	322.0	1.1	-6.12	2.33	0.07	1411
mplight	TEST	109	299.1	100.0	-5.47	2.09	0.07	1395
mplight	TRAIN	110	312.7	1.1	-5.85	2.23	0.07	1409
mplight	TEST	110	281.8	100.0	-4.69	1.80	0.06	1419
mplight	TRAIN	111	292.7	1.2	-5.02	1.92	0.07	1423
mplight	TEST	111	303.0	100.0	-5.82	2.22	0.07	1390
mplight	TRAIN	112	322.0	1.2	-6.33	2.42	0.07	1393
mplight	TEST	112	285.0	100.0	-4.75	1.82	0.06	1430
mplight	TRAIN	113	303.4	1.2	-5.93	2.26	0.07	1388
mplight	TEST	113	295.7	100.0	-5.77	2.20	0.07	1386
mplight	TRAIN	114	311.8	1.2	-6.44	2.45	0.07	1369
mplight	TEST	114	295.7	100.0	-5.22	2.00	0.07	1413
mplight	TRAIN	115	290.4	1.2	-5.17	1.98	0.07	1402
mplight	TEST	115	287.9	100.0	-5.69	2.17	0.07	1370
mplight	TRAIN	116	283.2	1.1	-4.60	1.77	0.06	1429
mplight	TEST	116	324.5	100.0	-7.27	2.76	0.07	1358
mplight	TRAIN	117	360.2	1.2	-7.42	2.82	0.07	1400
mplight	TEST	117	312.3	100.0	-7.19	2.74	0.07	1347
mplight	TRAIN	118	340.3	1.4	-6.62	2.52	0.07	1413
mplight	TEST	118	375.5	100.0	-9.45	3.58	0.08	1322
mplight	TRAIN	119	292.6	1.3	-5.03	1.93	0.06	1426
mplight	TEST	119	294.0	100.0	-5.08	1.94	0.06	1421
mplight	TRAIN	120	350.7	1.2	-8.47	3.22	0.08	1354
mplight	TEST	120	336.5	100.0	-10.79	4.09	0.08	1229
mplight	TRAIN	121	383.1	1.2	-11.09	4.20	0.08	1273
mplight	TEST	121	320.7	100.0	-7.58	2.88	0.08	1346
mplight	TRAIN	122	326.5	1.3	-7.12	2.71	0.07	1373
mplight	TEST	122	291.8	100.0	-5.05	1.93	0.06	1429
mplight	TRAIN	123	332.0	1.3	-6.44	2.45	0.07	1412
mplight	TEST	123	331.7	100.0	-7.04	2.68	0.08	1371
mplight	TRAIN	124	339.3	1.3	-6.77	2.58	0.07	1406
mplight	TEST	124	316.1	100.0	-6.93	2.64	0.08	1347
mplight	TRAIN	125	321.5	1.3	-6.22	2.37	0.07	1407
mplight	TEST	125	317.7	100.0	-6.46	2.46	0.07	1388
mplight	TRAIN	126	331.7	1.4	-6.76	2.57	0.07	1380
mplight	TEST	126	359.4	100.0	-8.32	3.16	0.08	1349
mplight	TRAIN	127	407.7	1.3	-10.11	3.83	0.08	1356
mplight	TEST	127	318.5	100.0	-6.56	2.50	0.07	1385
mplight	TRAIN	128	345.0	1.3	-7.50	2.85	0.08	1368
mplight	TEST	128	367.0	100.0	-9.02	3.42	0.08	1333
mplight	TRAIN	129	354.5	1.4	-7.76	2.95	0.08	1373
mplight	TEST	129	337.1	100.0	-7.03	2.67	0.08	1383
mplight	TRAIN	130	359.3	1.4	-10.63	4.02	0.08	1260
mplight	TEST	130	377.4	100.0	-13.19	4.99	0.08	1189
mplight	TRAIN	131	359.9	1.2	-10.62	4.02	0.08	1270
mplight	TEST	131	417.6	100.0	-17.10	6.45	0.10	1089
mplight	TRAIN	132	396.1	1.2	-13.00	4.91	0.08	1225
mplight	TEST	132	419.9	100.0	-13.26	5.00	0.09	1226
mplight	TRAIN	133	433.2	1.2	-14.29	5.40	0.09	1210
mplight	TEST	133	394.6	100.0	-13.92	5.26	0.09	1211
mplight	TRAIN	134	372.6	1.2	-12.43	4.70	0.09	1212
mplight	TEST	134	370.3	100.0	-14.38	5.43	0.09	1158
mplight	TRAIN	135	399.4	1.2	-13.51	5.11	0.09	1210
mplight	TEST	135	395.2	100.0	-11.83	4.47	0.08	1260
mplight	TRAIN	136	429.4	1.3	-12.68	4.79	0.08	1263
mplight	TEST	136	362.9	100.0	-8.94	3.39	0.08	1316
mplight	TRAIN	137	378.6	1.5	-11.19	4.23	0.08	1263
mplight	TEST	137	376.7	100.0	-12.49	4.72	0.09	1205
mplight	TRAIN	138	402.3	1.4	-12.25	4.63	0.08	1267
mplight	TEST	138	384.4	100.0	-9.36	3.55	0.08	1344
mplight	TRAIN	139	413.6	1.4	-9.74	3.69	0.08	1372
mplight	TEST	139	336.5	100.0	-8.07	3.06	0.08	1318
mplight	TRAIN	140	378.6	1.5	-9.22	3.49	0.08	1333
mplight	TEST	140	382.6	100.0	-9.81	3.71	0.08	1305
mplight	TRAIN	141	366.3	1.6	-9.45	3.58	0.08	1318
mplight	TEST	141	366.4	100.0	-7.86	2.98	0.08	1389
mplight	TRAIN	142	357.1	1.7	-8.26	3.14	0.08	1356
mplight	TEST	142	411.5	100.0	-15.03	5.67	0.09	1184
mplight	TRAIN	143	368.8	1.6	-8.61	3.26	0.08	1349
mplight	TEST	143	329.7	100.0	-7.00	2.67	0.07	1359
mplight	TRAIN	144	341.6	1.6	-7.66	2.91	0.08	1356
mplight	TEST	144	353.4	100.0	-8.00	3.03	0.08	1345
mplight	TRAIN	145	364.1	1.6	-8.63	3.27	0.08	1350
mplight	TEST	145	335.3	100.0	-7.59	2.88	0.08	1347
mplight	TRAIN	146	333.9	1.6	-7.45	2.83	0.08	1343
mplight	TEST	146	338.0	100.0	-7.67	2.91	0.08	1363
mplight	TRAIN	147	329.9	1.6	-7.46	2.84	0.08	1348
mplight	TEST	147	338.2	100.0	-8.19	3.11	0.08	1342
mplight	TRAIN	148	358.6	1.5	-9.71	3.68	0.08	1287
mplight	TEST	148	390.2	100.0	-9.86	3.73	0.08	1337
mplight	TRAIN	149	353.3	1.6	-7.79	2.96	0.08	1371
mplight	TEST	149	409.1	100.0	-12.82	4.84	0.09	1248
mplight	TRAIN	150	327.1	1.7	-7.10	2.70	0.07	1369
mplight	TEST	150	317.2	100.0	-7.35	2.79	0.07	1348
mplight	TRAIN	151	337.9	1.7	-8.17	3.10	0.07	1338
mplight	TEST	151	315.0	100.0	-6.12	2.33	0.07	1402
mplight	TRAIN	152	337.8	1.7	-7.35	2.79	0.07	1370
mplight	TEST	152	322.4	100.0	-6.37	2.43	0.07	1392
mplight	TRAIN	153	355.0	1.6	-12.68	4.79	0.08	1189
mplight	TEST	153	370.2	100.0	-17.08	6.44	0.09	1074
mplight	TRAIN	154	349.9	1.3	-13.58	5.13	0.09	1163
mplight	TEST	154	404.8	100.0	-15.97	6.02	0.09	1138
mplight	TRAIN	155	378.7	1.4	-8.83	3.35	0.08	1361
mplight	TEST	155	444.1	100.0	-16.57	6.24	0.09	1151
mplight	TRAIN	156	413.4	1.7	-10.10	3.82	0.08	1350
mplight	TEST	156	382.1	100.0	-9.10	3.45	0.08	1335
mplight	TRAIN	157	369.4	1.7	-7.86	2.98	0.08	1398
mplight	TEST	157	429.8	100.0	-11.70	4.42	0.09	1267
mplight	TRAIN	158	344.0	1.7	-7.74	2.94	0.08	1352
mplight	TEST	158	381.1	100.0	-9.13	3.46	0.08	1351
mplight	TRAIN	159	354.2	1.7	-7.64	2.90	0.08	1381
mplight	TEST	159	355.5	100.0	-9.27	3.51	0.09	1297
mplight	TRAIN	160	363.0	1.7	-9.05	3.43	0.08	1332
mplight	TEST	160	329.1	100.0	-8.25	3.13	0.08	1306
mplight	TRAIN	161	322.4	1.7	-7.63	2.90	0.07	1342
mplight	TEST	161	332.0	100.0	-10.96	4.15	0.09	1211
mplight	TRAIN	162	353.8	1.6	-10.91	4.13	0.09	1243
mplight	TEST	162	329.2	100.0	-7.64	2.90	0.07	1332
mplight	TRAIN	163	336.2	1.6	-7.52	2.86	0.07	1360
mplight	TEST	163	349.3	100.0	-8.50	3.22	0.08	1329
mplight	TRAIN	164	353.6	1.6	-8.28	3.14	0.08	1346
mplight	TEST	164	359.2	100.0	-7.93	3.01	0.08	1378
mplight	TRAIN	165	335.9	1.7	-8.82	3.34	0.08	1306
mplight	TEST	165	338.1	100.0	-6.80	2.59	0.07	1401
mplight	TRAIN	166	348.6	1.7	-7.25	2.75	0.08	1400
mplight	TEST	166	328.2	100.0	-7.74	2.94	0.08	1331
mplight	TRAIN	167	321.7	1.7	-6.51	2.48	0.07	1378
mplight	TEST	167	339.3	100.0	-7.94	3.02	0.08	1338
mplight	TRAIN	168	342.5	1.6	-8.36	3.17	0.07	1325
mplight	TEST	168	378.7	100.0	-8.85	3.35	0.08	1374
mplight	TRAIN	169	349.0	1.6	-9.02	3.42	0.07	1324
mplight	TEST	169	329.3	100.0	-8.48	3.21	0.07	1320
mplight	TRAIN	170	306.5	1.6	-6.69	2.54	0.07	1346
mplight	TEST	170	344.2	100.0	-9.02	3.42	0.08	1320
mplight	TRAIN	171	337.4	1.6	-9.68	3.67	0.08	1285
mplight	TEST	171	340.7	100.0	-7.95	3.02	0.08	1352
mplight	TRAIN	172	322.7	1.7	-7.00	2.66	0.07	1364
mplight	TEST	172	345.0	100.0	-8.70	3.30	0.08	1316
mplight	TRAIN	173	350.2	1.6	-9.57	3.63	0.08	1266
mplight	TEST	173	301.4	100.0	-6.74	2.57	0.07	1361
mplight	TRAIN	174	321.3	1.6	-6.82	2.60	0.08	1366
mplight	TEST	174	315.4	100.0	-5.91	2.25	0.07	1415
mplight	TRAIN	175	317.7	1.7	-6.66	2.54	0.07	1360
mplight	TEST	175	290.2	100.0	-7.89	3.00	0.07	1308
mplight	TRAIN	176	322.3	1.7	-6.31	2.40	0.07	1408
mplight	TEST	176	299.8	100.0	-5.29	2.02	0.07	1423
mplight	TRAIN	177	302.0	1.8	-5.73	2.19	0.07	1405
mplight	TEST	177	292.9	100.0	-5.15	1.97	0.07	1416
mplight	TRAIN	178	309.5	1.7	-6.15	2.34	0.07	1387
mplight	TEST	178	312.3	100.0	-6.28	2.39	0.07	1385
mplight	TRAIN	179	296.8	1.8	-5.54	2.11	0.07	1402
mplight	TEST	179	323.0	100.0	-6.08	2.32	0.07	1424
mplight	TRAIN	180	288.9	1.7	-5.20	1.99	0.07	1400
mplight	TEST	180	291.0	100.0	-5.07	1.93	0.07	1416
mplight	TRAIN	181	297.9	1.7	-5.32	2.03	0.07	1414
mplight	TEST	181	320.1	100.0	-10.42	3.94	0.09	1208
mplight	TRAIN	182	312.1	1.6	-8.61	3.27	0.07	1285
mplight	TEST	182	322.5	100.0	-6.80	2.59	0.07	1385
mplight	TRAIN	183	315.8	1.7	-7.28	2.77	0.07	1355
mplight	TEST	183	291.6	100.0	-5.22	2.00	0.07	1400
mplight	TRAIN	184	328.3	1.8	-6.82	2.59	0.07	1388
mplight	TEST	184	274.3	100.0	-4.62	1.77	0.06	1415
mplight	TRAIN	185	301.9	1.7	-5.35	2.04	0.07	1427
mplight	TEST	185	322.3	100.0	-6.98	2.66	0.07	1381
mplight	TRAIN	186	273.7	1.8	-4.63	1.77	0.06	1408
mplight	TEST	186	289.4	100.0	-6.68	2.55	0.07	1342
mplight	TRAIN	187	272.0	1.8	-4.68	1.80	0.06	1401
mplight	TEST	187	282.2	100.0	-4.73	1.81	0.06	1430
mplight	TRAIN	188	281.2	1.7	-4.68	1.79	0.06	1424
mplight	TEST	188	283.6	100.0	-4.74	1.81	0.06	1431
mplight	TRAIN	189	291.9	1.9	-6.42	2.45	0.07	1369
mplight	TEST	189	279.4	100.0	-4.88	1.87	0.06	1403
mplight	TRAIN	190	269.2	1.8	-4.25	1.63	0.06	1425
mplight	TEST	190	295.5	100.0	-5.71	2.18	0.06	1401
mplight	TRAIN	191	270.5	1.8	-5.19	1.98	0.06	1383
mplight	TEST	191	292.0	100.0	-5.81	2.22	0.06	1386
mplight	TRAIN	192	280.7	1.8	-6.46	2.46	0.06	1342
mplight	TEST	192	269.4	100.0	-6.49	2.47	0.06	1332
mplight	TRAIN	193	282.6	1.7	-6.31	2.41	0.07	1357
mplight	TEST	193	280.4	100.0	-6.70	2.55	0.06	1338
mplight	TRAIN	194	279.5	1.8	-5.61	2.14	0.06	1373
mplight	TEST	194	290.3	100.0	-9.17	3.48	0.07	1260
mplight	TRAIN	195	323.9	1.7	-7.01	2.67	0.07	1382
mplight	TEST	195	323.9	100.0	-7.62	2.89	0.07	1353
mplight	TRAIN	196	310.8	1.8	-7.64	2.91	0.07	1334
mplight	TEST	196	288.8	100.0	-6.66	2.54	0.07	1341
mplight	TRAIN	197	330.1	1.8	-6.75	2.57	0.07	1398
mplight	TEST	197	287.3	100.0	-5.70	2.17	0.07	1379
mplight	TRAIN	198	276.7	1.8	-5.14	1.97	0.06	1381
mplight	TEST	198	292.7	100.0	-5.11	1.96	0.06	1416
mplight	TRAIN	199	286.5	1.7	-5.47	2.09	0.06	1389
mplight	TEST	199	332.8	100.0	-9.08	3.44	0.07	1284
