colight	TRAIN	0	106.1	0.0	-51.25	9.25	0.43	2773
colight	TEST	0	268.0	100.0	-237.81	45.29	0.61	1483
colight	TRAIN	1	102.1	0.0	-51.88	9.31	0.42	2803
colight	TEST	1	268.0	100.0	-237.81	45.29	0.61	1483
colight	TRAIN	2	110.4	126.5	-42.82	8.06	0.42	2785
colight	TEST	2	268.0	100.0	-237.81	45.29	0.61	1483
colight	TRAIN	3	164.1	136.6	-78.61	14.17	0.50	2803
colight	TEST	3	268.0	100.0	-237.81	45.29	0.61	1483
colight	TRAIN	4	139.9	146.2	-56.40	11.01	0.44	2750
colight	TEST	4	268.0	100.0	-237.81	45.29	0.61	1483
colight	TRAIN	5	147.5	152.8	-68.98	13.65	0.47	2628
colight	TEST	5	268.0	100.0	-237.81	45.29	0.61	1483
colight	TRAIN	6	207.0	168.0	-80.56	15.48	0.47	2623
colight	TEST	6	165.6	100.0	-261.12	32.45	0.45	1445
colight	TRAIN	7	181.4	204.3	-114.41	20.26	0.48	2619
colight	TEST	7	268.0	100.0	-237.81	45.29	0.61	1483
colight	TRAIN	8	228.2	239.8	-127.47	22.51	0.51	2450
colight	TEST	8	268.0	100.0	-237.81	45.29	0.61	1483
colight	TRAIN	9	178.7	268.5	-84.60	15.06	0.48	2614
colight	TEST	9	268.0	100.0	-237.81	45.29	0.61	1483
colight	TRAIN	10	233.9	288.3	-155.38	26.68	0.54	2399
colight	TEST	10	268.0	100.0	-237.81	45.29	0.61	1483
colight	TRAIN	11	313.5	353.8	-159.94	28.96	0.53	2525
colight	TEST	11	165.6	100.0	-261.12	32.45	0.45	1445
colight	TRAIN	12	228.6	412.3	-151.67	25.19	0.52	2765
colight	TEST	12	165.6	100.0	-261.12	32.45	0.45	1445
colight	TRAIN	13	354.3	444.2	-205.09	35.12	0.54	2490
colight	TEST	13	165.6	100.0	-261.12	32.45	0.45	1445
colight	TRAIN	14	274.2	516.8	-194.36	30.48	0.58	2638
colight	TEST	14	268.0	100.0	-237.81	45.29	0.61	1483
colight	TRAIN	15	266.2	578.7	-186.78	31.42	0.55	2407
colight	TEST	15	268.0	100.0	-237.81	45.29	0.61	1483
colight	TRAIN	16	391.4	624.2	-177.92	33.40	0.56	2171
colight	TEST	16	165.6	100.0	-261.12	32.45	0.45	1445
colight	TRAIN	17	203.3	673.1	-131.53	19.56	0.46	2672
colight	TEST	17	165.6	100.0	-261.12	32.45	0.45	1445
colight	TRAIN	18	290.2	701.5	-127.90	23.18	0.49	2539
colight	TEST	18	165.6	100.0	-261.12	32.45	0.45	1445
colight	TRAIN	19	235.4	722.2	-166.75	25.48	0.50	2499
colight	TEST	19	165.6	100.0	-261.12	32.45	0.45	1445
colight	TRAIN	20	242.4	765.2	-211.44	29.78	0.49	2507
colight	TEST	20	268.0	100.0	-237.81	45.29	0.61	1483
colight	TRAIN	21	490.9	821.7	-211.30	39.92	0.58	2050
colight	TEST	21	165.6	100.0	-261.12	32.45	0.45	1445
colight	TRAIN	22	267.1	901.8	-190.03	26.12	0.48	2505
colight	TEST	22	268.0	100.0	-237.81	45.29	0.61	1483
colight	TRAIN	23	229.3	960.4	-132.43	22.67	0.48	2616
colight	TEST	23	268.0	100.0	-237.81	45.29	0.61	1483
colight	TRAIN	24	210.7	997.2	-214.81	35.17	0.53	2090
colight	TEST	24	268.0	100.0	-237.81	45.29	0.61	1483
colight	TRAIN	25	193.3	1004.4	-144.99	26.93	0.55	2230
colight	TEST	25	268.0	100.0	-237.81	45.29	0.61	1483
colight	TRAIN	26	396.3	1001.0	-197.87	37.74	0.58	2018
colight	TEST	26	268.0	100.0	-237.81	45.29	0.61	1483
colight	TRAIN	27	256.8	1012.3	-187.30	35.63	0.56	1897
colight	TEST	27	268.0	100.0	-237.81	45.29	0.61	1483
colight	TRAIN	28	391.0	973.9	-203.76	38.71	0.58	1893
colight	TEST	28	165.6	100.0	-261.12	32.45	0.45	1445
colight	TRAIN	29	248.8	999.9	-212.30	35.42	0.53	2099
colight	TEST	29	165.6	100.0	-261.12	32.45	0.45	1445
colight	TRAIN	30	231.4	1032.5	-204.56	29.25	0.48	2413
colight	TEST	30	268.0	100.0	-237.81	45.29	0.61	1483
colight	TRAIN	31	448.0	1048.5	-229.93	44.15	0.60	1677
colight	TEST	31	165.6	100.0	-261.12	32.45	0.45	1445
colight	TRAIN	32	278.6	1101.2	-166.34	29.29	0.53	2597
colight	TEST	32	268.0	100.0	-237.81	45.29	0.61	1483
colight	TRAIN	33	399.0	1097.2	-186.38	35.35	0.56	2263
colight	TEST	33	268.0	100.0	-237.81	45.29	0.61	1483
colight	TRAIN	34	172.6	1081.0	-179.15	23.46	0.45	2285
colight	TEST	34	165.6	100.0	-261.12	32.45	0.45	1445
colight	TRAIN	35	217.7	1119.2	-201.56	31.57	0.52	2214
colight	TEST	35	268.0	100.0	-237.81	45.29	0.61	1483
colight	TRAIN	36	268.1	1075.5	-182.30	30.64	0.54	2512
colight	TEST	36	268.0	100.0	-237.81	45.29	0.61	1483
colight	TRAIN	37	343.6	1099.1	-190.08	35.91	0.57	1998
colight	TEST	37	268.0	100.0	-237.81	45.29	0.61	1483
colight	TRAIN	38	302.4	1043.9	-219.00	41.92	0.59	1517
colight	TEST	38	268.0	100.0	-237.81	45.29	0.61	1483
colight	TRAIN	39	344.7	1053.2	-196.91	37.41	0.57	2031
colight	TEST	39	268.0	100.0	-237.81	45.29	0.61	1483
colight	TRAIN	40	239.8	1080.8	-186.97	34.20	0.55	2068
colight	TEST	40	165.6	100.0	-261.12	32.45	0.45	1445
colight	TRAIN	41	227.8	1088.4	-231.17	33.56	0.51	2233
colight	TEST	41	268.0	100.0	-237.81	45.29	0.61	1483
colight	TRAIN	42	328.0	1148.7	-229.81	44.28	0.59	1549
colight	TEST	42	268.0	100.0	-237.81	45.29	0.61	1483
colight	TRAIN	43	255.1	1151.1	-235.28	44.83	0.60	1471
colight	TEST	43	268.0	100.0	-237.81	45.29	0.61	1483
colight	TRAIN	44	362.1	1140.5	-190.94	33.90	0.54	2398
colight	TEST	44	165.6	100.0	-261.12	32.45	0.45	1445
colight	TRAIN	45	184.6	1151.6	-204.72	31.35	0.51	2345
colight	TEST	45	268.0	100.0	-237.81	45.29	0.61	1483
colight	TRAIN	46	299.5	1152.0	-187.95	35.60	0.56	1799
colight	TEST	46	268.0	100.0	-237.81	45.29	0.61	1483
colight	TRAIN	47	130.5	1155.1	-71.94	11.50	0.42	2779
colight	TEST	47	268.0	100.0	-237.81	45.29	0.61	1483
colight	TRAIN	48	271.0	1119.9	-164.91	26.92	0.51	2554
colight	TEST	48	165.6	100.0	-261.12	32.45	0.45	1445
colight	TRAIN	49	370.9	1054.3	-254.93	31.62	0.45	1696
colight	TEST	49	165.6	100.0	-261.12	32.45	0.45	1445
colight	TRAIN	50	204.0	1131.5	-143.99	20.87	0.47	2590
colight	TEST	50	268.0	100.0	-237.81	45.29	0.61	1483
colight	TRAIN	51	198.5	1195.5	-192.06	28.66	0.50	2473
colight	TEST	51	268.0	100.0	-237.81	45.29	0.61	1483
colight	TRAIN	52	266.5	1197.0	-232.01	44.46	0.59	1486
colight	TEST	52	268.0	100.0	-237.81	45.29	0.61	1483
colight	TRAIN	53	197.9	1247.3	-209.18	37.38	0.55	1907
colight	TEST	53	268.0	100.0	-237.81	45.29	0.61	1483
colight	TRAIN	54	295.8	1250.2	-223.28	42.39	0.62	1508
colight	TEST	54	268.0	100.0	-237.81	45.29	0.61	1483
colight	TRAIN	55	256.9	1230.9	-165.37	28.08	0.53	2423
colight	TEST	55	165.6	100.0	-261.12	32.45	0.45	1445
colight	TRAIN	56	259.9	1212.9	-221.90	34.08	0.52	2238
colight	TEST	56	268.0	100.0	-237.81	45.29	0.61	1483
colight	TRAIN	57	297.4	1245.4	-234.96	44.82	0.61	1514
colight	TEST	57	268.0	100.0	-237.81	45.29	0.61	1483
colight	TRAIN	58	246.7	1236.3	-204.18	38.88	0.57	1724
colight	TEST	58	268.0	100.0	-237.81	45.29	0.61	1483
colight	TRAIN	59	316.3	1218.4	-155.71	29.43	0.56	2200
colight	TEST	59	268.0	100.0	-237.81	45.29	0.61	1483
colight	TRAIN	60	266.0	1192.0	-127.68	23.60	0.52	2514
colight	TEST	60	268.0	100.0	-237.81	45.29	0.61	1483
colight	TRAIN	61	224.9	1172.8	-214.96	41.15	0.56	1676
colight	TEST	61	268.0	100.0	-237.81	45.29	0.61	1483
colight	TRAIN	62	167.0	1213.7	-158.82	25.76	0.49	2374
colight	TEST	62	268.0	100.0	-237.81	45.29	0.61	1483
colight	TRAIN	63	259.3	1159.3	-213.66	33.23	0.53	2137
colight	TEST	63	165.6	100.0	-261.12	32.45	0.45	1445
colight	TRAIN	64	256.6	1160.4	-232.04	33.76	0.52	2221
colight	TEST	64	268.0	100.0	-237.81	45.29	0.61	1483
colight	TRAIN	65	431.9	1184.3	-178.42	34.34	0.56	2286
colight	TEST	65	268.0	100.0	-237.81	45.29	0.61	1483
colight	TRAIN	66	223.9	1199.1	-186.14	26.38	0.49	2534
colight	TEST	66	268.0	100.0	-237.81	45.29	0.61	1483
colight	TRAIN	67	511.7	1178.7	-225.43	43.31	0.59	1892
colight	TEST	67	268.0	100.0	-237.81	45.29	0.61	1483
colight	TRAIN	68	328.2	1190.8	-244.47	45.60	0.63	1523
colight	TEST	68	268.0	100.0	-237.81	45.29	0.61	1483
colight	TRAIN	69	197.4	1210.7	-200.38	36.25	0.56	1957
colight	TEST	69	268.0	100.0	-237.81	45.29	0.61	1483
colight	TRAIN	70	275.2	1187.3	-193.91	29.80	0.52	2365
colight	TEST	70	268.0	100.0	-237.81	45.29	0.61	1483
colight	TRAIN	71	286.0	1215.4	-215.66	41.21	0.58	1624
colight	TEST	71	268.0	100.0	-237.81	45.29	0.61	1483
colight	TRAIN	72	281.5	1195.7	-238.54	45.52	0.61	1486
colight	TEST	72	268.0	100.0	-237.81	45.29	0.61	1483
colight	TRAIN	73	412.0	1237.8	-230.30	43.51	0.61	1606
colight	TEST	73	165.6	100.0	-261.12	32.45	0.45	1445
colight	TRAIN	74	180.5	1309.0	-137.27	20.23	0.48	2500
colight	TEST	74	165.6	100.0	-261.12	32.45	0.45	1445
colight	TRAIN	75	271.3	1346.9	-234.75	33.52	0.51	2170
colight	TEST	75	268.0	100.0	-237.81	45.29	0.61	1483
colight	TRAIN	76	287.8	1336.2	-236.55	44.71	0.61	1483
colight	TEST	76	268.0	100.0	-237.81	45.29	0.61	1483
colight	TRAIN	77	522.2	1365.1	-225.68	42.27	0.62	1787
colight	TEST	77	165.6	100.0	-261.12	32.45	0.45	1445
colight	TRAIN	78	267.9	1336.2	-231.84	30.93	0.49	2254
colight	TEST	78	268.0	100.0	-237.81	45.29	0.61	1483
colight	TRAIN	79	206.6	1380.1	-113.98	20.40	0.50	2636
colight	TEST	79	268.0	100.0	-237.81	45.29	0.61	1483
colight	TRAIN	80	382.7	1300.8	-193.82	36.21	0.58	2210
colight	TEST	80	837.9	100.0	-466.78	71.54	0.96	450
colight	TRAIN	81	273.9	1304.0	-242.97	38.76	0.62	2121
colight	TEST	81	268.0	100.0	-237.81	45.29	0.61	1483
colight	TRAIN	82	278.1	1322.2	-237.43	44.97	0.61	1485
colight	TEST	82	268.0	100.0	-237.81	45.29	0.61	1483
colight	TRAIN	83	304.8	1298.9	-227.52	42.64	0.61	1531
colight	TEST	83	268.0	100.0	-237.81	45.29	0.61	1483
colight	TRAIN	84	507.1	1297.8	-216.26	41.21	0.59	1920
colight	TEST	84	268.0	100.0	-237.81	45.29	0.61	1483
colight	TRAIN	85	226.6	1311.5	-171.76	23.50	0.47	2565
colight	TEST	85	165.6	100.0	-261.12	32.45	0.45	1445
colight	TRAIN	86	215.5	1326.9	-133.05	25.50	0.53	2168
colight	TEST	86	268.0	100.0	-237.81	45.29	0.61	1483
colight	TRAIN	87	315.4	1245.5	-225.57	43.19	0.59	1570
colight	TEST	87	268.0	100.0	-237.81	45.29	0.61	1483
colight	TRAIN	88	265.9	1228.0	-235.27	44.84	0.60	1476
colight	TEST	88	268.0	100.0	-237.81	45.29	0.61	1483
colight	TRAIN	89	495.4	1234.5	-212.70	39.72	0.59	2090
colight	TEST	89	165.6	100.0	-261.12	32.45	0.45	1445
colight	TRAIN	90	233.3	1247.0	-209.56	32.42	0.52	2333
colight	TEST	90	268.0	100.0	-237.81	45.29	0.61	1483
colight	TRAIN	91	285.5	1224.9	-235.32	44.29	0.61	1478
colight	TEST	91	268.0	100.0	-237.81	45.29	0.61	1483
colight	TRAIN	92	185.5	1186.7	-181.79	26.48	0.50	2159
colight	TEST	92	165.6	100.0	-261.12	32.45	0.45	1445
colight	TRAIN	93	248.1	1218.5	-233.98	37.33	0.53	2098
colight	TEST	93	268.0	100.0	-237.81	45.29	0.61	1483
colight	TRAIN	94	280.4	1286.9	-238.07	44.90	0.62	1485
colight	TEST	94	268.0	100.0	-237.81	45.29	0.61	1483
colight	TRAIN	95	273.0	1293.5	-134.35	24.48	0.52	2635
colight	TEST	95	165.6	100.0	-261.12	32.45	0.45	1445
colight	TRAIN	96	283.3	1283.9	-225.15	30.46	0.49	2368
colight	TEST	96	268.0	100.0	-237.81	45.29	0.61	1483
colight	TRAIN	97	294.4	1300.5	-233.29	44.46	0.61	1522
colight	TEST	97	268.0	100.0	-237.81	45.29	0.61	1483
colight	TRAIN	98	278.5	1303.5	-235.21	44.81	0.59	1495
colight	TEST	98	268.0	100.0	-237.81	45.29	0.61	1483
colight	TRAIN	99	387.3	1293.8	-227.32	43.70	0.60	1582
colight	TEST	99	165.6	100.0	-261.12	32.45	0.45	1445
colight	TRAIN	100	229.2	1330.9	-207.69	28.43	0.47	2307
colight	TEST	100	268.0	100.0	-237.81	45.29	0.61	1483
colight	TRAIN	101	434.4	1379.0	-214.56	40.87	0.59	1899
colight	TEST	101	268.0	100.0	-237.81	45.29	0.61	1483
colight	TRAIN	102	273.8	1383.3	-236.93	45.14	0.61	1477
colight	TEST	102	268.0	100.0	-237.81	45.29	0.61	1483
colight	TRAIN	103	301.5	1376.2	-182.84	34.60	0.56	1945
colight	TEST	103	268.0	100.0	-237.81	45.29	0.61	1483
colight	TRAIN	104	329.5	1306.4	-223.96	43.02	0.58	1566
colight	TEST	104	268.0	100.0	-237.81	45.29	0.61	1483
colight	TRAIN	105	187.2	1318.5	-138.78	26.46	0.53	2082
colight	TEST	105	268.0	100.0	-237.81	45.29	0.61	1483
colight	TRAIN	106	488.3	1227.9	-196.82	37.37	0.57	2245
colight	TEST	106	165.6	100.0	-261.12	32.45	0.45	1445
colight	TRAIN	107	213.2	1158.3	-260.03	32.28	0.45	1508
colight	TEST	107	165.6	100.0	-261.12	32.45	0.45	1445
colight	TRAIN	108	199.8	1280.5	-206.58	35.08	0.53	2048
colight	TEST	108	268.0	100.0	-237.81	45.29	0.61	1483
colight	TRAIN	109	260.4	1257.2	-237.16	45.18	0.61	1451
colight	TEST	109	268.0	100.0	-237.81	45.29	0.61	1483
colight	TRAIN	110	492.6	1250.7	-225.22	42.68	0.62	1800
colight	TEST	110	165.6	100.0	-261.12	32.45	0.45	1445
colight	TRAIN	111	251.0	1268.5	-220.97	33.54	0.53	2325
colight	TEST	111	268.0	100.0	-237.81	45.29	0.61	1483
colight	TRAIN	112	233.0	1272.4	-205.83	38.53	0.56	1742
colight	TEST	112	268.0	100.0	-237.81	45.29	0.61	1483
colight	TRAIN	113	304.7	1255.1	-183.12	30.69	0.53	2388
colight	TEST	113	165.6	100.0	-261.12	32.45	0.45	1445
colight	TRAIN	114	189.7	1235.2	-158.53	21.78	0.45	2421
colight	TEST	114	165.6	100.0	-261.12	32.45	0.45	1445
colight	TRAIN	115	405.2	1240.7	-254.06	31.54	0.45	1692
colight	TEST	115	165.6	100.0	-261.12	32.45	0.45	1445
colight	TRAIN	116	243.3	1326.4	-186.00	35.83	0.55	1928
colight	TEST	116	268.0	100.0	-237.81	45.29	0.61	1483
colight	TRAIN	117	281.5	1305.3	-232.16	44.54	0.60	1501
colight	TEST	117	268.0	100.0	-237.81	45.29	0.61	1483
colight	TRAIN	118	382.7	1335.7	-233.44	44.69	0.60	1578
colight	TEST	118	268.0	100.0	-237.81	45.29	0.61	1483
colight	TRAIN	119	148.4	1378.8	-129.86	18.12	0.42	2529
colight	TEST	119	165.6	100.0	-261.12	32.45	0.45	1445
colight	TRAIN	120	255.1	1410.2	-225.49	33.32	0.52	2187
colight	TEST	120	268.0	100.0	-237.81	45.29	0.61	1483
colight	TRAIN	121	306.6	1406.4	-210.68	34.33	0.55	2246
colight	TEST	121	165.6	100.0	-261.12	32.45	0.45	1445
colight	TRAIN	122	277.4	1387.9	-241.05	32.41	0.50	2200
colight	TEST	122	268.0	100.0	-237.81	45.29	0.61	1483
colight	TRAIN	123	281.3	1422.7	-212.29	40.41	0.60	1634
colight	TEST	123	268.0	100.0	-237.81	45.29	0.61	1483
colight	TRAIN	124	310.4	1385.5	-241.54	45.70	0.64	1473
colight	TEST	124	268.0	100.0	-237.81	45.29	0.61	1483
colight	TRAIN	125	480.4	1362.2	-235.64	44.62	0.61	1677
colight	TEST	125	165.6	100.0	-261.12	32.45	0.45	1445
colight	TRAIN	126	128.3	1418.0	-120.27	21.84	0.48	2324
colight	TEST	126	268.0	100.0	-237.81	45.29	0.61	1483
colight	TRAIN	127	390.0	1350.5	-191.28	35.94	0.56	2203
colight	TEST	127	165.6	100.0	-261.12	32.45	0.45	1445
colight	TRAIN	128	214.7	1311.3	-222.28	42.52	0.56	1615
colight	TEST	128	268.0	100.0	-237.81	45.29	0.61	1483
colight	TRAIN	129	221.6	1256.7	-189.65	29.51	0.51	2211
colight	TEST	129	165.6	100.0	-261.12	32.45	0.45	1445
colight	TRAIN	130	379.4	1235.4	-250.23	30.93	0.46	1797
colight	TEST	130	165.6	100.0	-261.12	32.45	0.45	1445
colight	TRAIN	131	146.2	1362.9	-104.12	14.95	0.42	2776
colight	TEST	131	268.0	100.0	-237.81	45.29	0.61	1483
colight	TRAIN	132	182.5	1327.2	-174.49	29.43	0.54	2322
colight	TEST	132	268.0	100.0	-237.81	45.29	0.61	1483
colight	TRAIN	133	325.4	1263.0	-225.65	43.43	0.60	1558
colight	TEST	133	268.0	100.0	-237.81	45.29	0.61	1483
colight	TRAIN	134	512.5	1269.8	-224.59	42.26	0.60	1882
colight	TEST	134	165.6	100.0	-261.12	32.45	0.45	1445
colight	TRAIN	135	263.1	1297.5	-208.17	26.45	0.48	2460
colight	TEST	135	268.0	100.0	-237.81	45.29	0.61	1483
colight	TRAIN	136	297.4	1258.8	-184.12	32.28	0.55	2430
colight	TEST	136	165.6	100.0	-261.12	32.45	0.45	1445
colight	TRAIN	137	240.8	1266.6	-220.47	33.75	0.52	2214
colight	TEST	137	268.0	100.0	-237.81	45.29	0.61	1483
colight	TRAIN	138	180.4	1312.2	-153.87	24.61	0.49	2449
colight	TEST	138	268.0	100.0	-237.81	45.29	0.61	1483
colight	TRAIN	139	245.4	1251.0	-201.24	38.41	0.59	1719
colight	TEST	139	268.0	100.0	-237.81	45.29	0.61	1483
colight	TRAIN	140	260.5	1206.1	-232.80	44.48	0.60	1479
colight	TEST	140	268.0	100.0	-237.81	45.29	0.61	1483
colight	TRAIN	141	278.5	1259.6	-238.56	45.63	0.61	1501
colight	TEST	141	268.0	100.0	-237.81	45.29	0.61	1483
colight	TRAIN	142	267.6	1299.5	-229.44	44.15	0.58	1531
colight	TEST	142	268.0	100.0	-237.81	45.29	0.61	1483
colight	TRAIN	143	490.6	1289.4	-226.07	43.42	0.59	1777
colight	TEST	143	268.0	100.0	-237.81	45.29	0.61	1483
colight	TRAIN	144	204.0	1252.1	-200.05	29.67	0.51	2140
colight	TEST	144	165.6	100.0	-261.12	32.45	0.45	1445
colight	TRAIN	145	242.1	1267.6	-181.29	26.76	0.51	2639
colight	TEST	145	268.0	100.0	-237.81	45.29	0.61	1483
colight	TRAIN	146	363.3	1306.6	-188.46	32.76	0.55	2395
colight	TEST	146	268.0	100.0	-237.81	45.29	0.61	1483
colight	TRAIN	147	224.8	1336.4	-221.14	35.11	0.53	2117
colight	TEST	147	268.0	100.0	-237.81	45.29	0.61	1483
colight	TRAIN	148	189.5	1340.0	-173.58	32.38	0.57	2015
colight	TEST	148	268.0	100.0	-237.81	45.29	0.61	1483
colight	TRAIN	149	471.6	1287.8	-223.48	42.91	0.59	1721
colight	TEST	149	268.0	100.0	-237.81	45.29	0.61	1483
colight	TRAIN	150	473.6	1268.3	-208.31	39.70	0.57	2016
colight	TEST	150	268.0	100.0	-237.81	45.29	0.61	1483
colight	TRAIN	151	255.3	1229.0	-183.68	27.24	0.52	2477
colight	TEST	151	268.0	100.0	-237.81	45.29	0.61	1483
colight	TRAIN	152	516.0	1202.0	-220.73	41.61	0.60	1817
colight	TEST	152	268.0	100.0	-237.81	45.29	0.61	1483
colight	TRAIN	153	200.0	1243.5	-133.49	21.71	0.49	2496
colight	TEST	153	165.6	100.0	-261.12	32.45	0.45	1445
colight	TRAIN	154	262.9	1257.5	-183.24	24.69	0.47	2731
colight	TEST	154	268.0	100.0	-237.81	45.29	0.61	1483
colight	TRAIN	155	279.1	1239.6	-224.97	42.54	0.59	1596
colight	TEST	155	268.0	100.0	-237.81	45.29	0.61	1483
colight	TRAIN	156	210.8	1219.8	-218.01	41.37	0.56	1631
colight	TEST	156	268.0	100.0	-237.81	45.29	0.61	1483
colight	TRAIN	157	468.7	1203.6	-198.84	37.69	0.56	2039
colight	TEST	157	165.6	100.0	-261.12	32.45	0.45	1445
colight	TRAIN	158	206.1	1201.6	-167.10	25.72	0.50	2569
colight	TEST	158	268.0	100.0	-237.81	45.29	0.61	1483
colight	TRAIN	159	236.6	1146.4	-198.90	26.70	0.46	2325
colight	TEST	159	268.0	100.0	-237.81	45.29	0.61	1483
colight	TRAIN	160	261.0	1175.1	-231.76	44.19	0.60	1500
colight	TEST	160	165.6	100.0	-261.12	32.45	0.45	1445
colight	TRAIN	161	225.0	1160.9	-180.79	26.62	0.49	2312
colight	TEST	161	165.6	100.0	-261.12	32.45	0.45	1445
colight	TRAIN	162	248.0	1173.2	-222.76	30.55	0.50	2380
colight	TEST	162	268.0	100.0	-237.81	45.29	0.61	1483
colight	TRAIN	163	333.0	1213.9	-212.46	40.59	0.60	1839
colight	TEST	163	268.0	100.0	-237.81	45.29	0.61	1483
colight	TRAIN	164	378.3	1206.1	-214.73	41.12	0.58	1804
colight	TEST	164	268.0	100.0	-237.81	45.29	0.61	1483
colight	TRAIN	165	434.1	1225.4	-201.01	36.42	0.56	2227
colight	TEST	165	165.6	100.0	-261.12	32.45	0.45	1445
colight	TRAIN	166	243.5	1249.4	-168.01	23.14	0.45	2641
colight	TEST	166	268.0	100.0	-237.81	45.29	0.61	1483
colight	TRAIN	167	265.5	1245.7	-200.52	38.09	0.58	1846
colight	TEST	167	268.0	100.0	-237.81	45.29	0.61	1483
colight	TRAIN	168	461.8	1191.8	-191.85	35.80	0.58	1898
colight	TEST	168	165.6	100.0	-261.12	32.45	0.45	1445
colight	TRAIN	169	254.8	1203.2	-226.53	34.56	0.53	2176
colight	TEST	169	268.0	100.0	-237.81	45.29	0.61	1483
colight	TRAIN	170	282.7	1238.1	-229.49	43.35	0.61	1499
colight	TEST	170	268.0	100.0	-237.81	45.29	0.61	1483
colight	TRAIN	171	298.7	1232.6	-236.20	44.83	0.61	1504
colight	TEST	171	268.0	100.0	-237.81	45.29	0.61	1483
colight	TRAIN	172	299.2	1257.7	-237.47	45.23	0.61	1505
colight	TEST	172	268.0	100.0	-237.81	45.29	0.61	1483
colight	TRAIN	173	301.5	1241.4	-185.76	31.58	0.54	2365
colight	TEST	173	165.6	100.0	-261.12	32.45	0.45	1445
colight	TRAIN	174	261.7	1268.6	-201.45	26.74	0.48	2592
colight	TEST	174	268.0	100.0	-237.81	45.29	0.61	1483
colight	TRAIN	175	389.1	1284.5	-226.16	43.40	0.59	1655
colight	TEST	175	268.0	100.0	-237.81	45.29	0.61	1483
colight	TRAIN	176	301.8	1223.8	-176.46	31.00	0.54	2425
colight	TEST	176	165.6	100.0	-261.12	32.45	0.45	1445
colight	TRAIN	177	318.3	1189.3	-239.27	29.86	0.46	2171
colight	TEST	177	165.6	100.0	-261.12	32.45	0.45	1445
colight	TRAIN	178	228.8	1304.9	-216.06	35.02	0.59	2363
colight	TEST	178	268.0	100.0	-237.81	45.29	0.61	1483
colight	TRAIN	179	277.3	1307.6	-202.70	38.58	0.57	1670
colight	TEST	179	268.0	100.0	-237.81	45.29	0.61	1483
colight	TRAIN	180	276.3	1240.4	-236.38	45.09	0.61	1496
colight	TEST	180	268.0	100.0	-237.81	45.29	0.61	1483
colight	TRAIN	181	346.5	1274.5	-235.30	45.09	0.60	1547
colight	TEST	181	165.6	100.0	-261.12	32.45	0.45	1445
colight	TRAIN	182	221.8	1328.6	-175.61	24.79	0.48	2460
colight	TEST	182	268.0	100.0	-237.81	45.29	0.61	1483
colight	TRAIN	183	280.2	1296.8	-153.60	28.51	0.54	2460
colight	TEST	183	165.6	100.0	-261.12	32.45	0.45	1445
colight	TRAIN	184	222.2	1321.5	-225.17	34.10	0.51	2205
colight	TEST	184	268.0	100.0	-237.81	45.29	0.61	1483
colight	TRAIN	185	144.2	1329.2	-112.93	15.56	0.41	2778
colight	TEST	185	268.0	100.0	-237.81	45.29	0.61	1483
colight	TRAIN	186	409.8	1296.7	-200.20	38.16	0.57	2069
colight	TEST	186	268.0	100.0	-237.81	45.29	0.61	1483
colight	TRAIN	187	268.0	1236.2	-237.81	45.29	0.61	1483
colight	TEST	187	268.0	100.0	-237.81	45.29	0.61	1483
colight	TRAIN	188	196.9	1195.7	-190.02	28.67	0.50	2174
colight	TEST	188	165.6	100.0	-261.12	32.45	0.45	1445
colight	TRAIN	189	242.1	1251.5	-228.37	34.88	0.53	2188
colight	TEST	189	268.0	100.0	-237.81	45.29	0.61	1483
colight	TRAIN	190	296.6	1274.4	-232.52	44.56	0.61	1510
colight	TEST	190	268.0	100.0	-237.81	45.29	0.61	1483
colight	TRAIN	191	398.5	1258.7	-182.26	34.00	0.54	2351
colight	TEST	191	165.6	100.0	-261.12	32.45	0.45	1445
colight	TRAIN	192	295.5	1238.4	-229.22	28.75	0.47	2301
colight	TEST	192	268.0	100.0	-237.81	45.29	0.61	1483
colight	TRAIN	193	195.5	1308.8	-139.53	21.50	0.48	2598
colight	TEST	193	165.6	100.0	-261.12	32.45	0.45	1445
colight	TRAIN	194	221.4	1322.4	-185.06	28.76	0.51	2372
colight	TEST	194	268.0	100.0	-237.81	45.29	0.61	1483
colight	TRAIN	195	265.0	1273.2	-207.31	39.63	0.57	1664
colight	TEST	195	268.0	100.0	-237.81	45.29	0.61	1483
colight	TRAIN	196	472.7	1222.6	-230.15	44.05	0.60	1688
colight	TEST	196	268.0	100.0	-237.81	45.29	0.61	1483
colight	TRAIN	197	265.3	1248.2	-134.76	25.06	0.51	2614
colight	TEST	197	165.6	100.0	-261.12	32.45	0.45	1445
colight	TRAIN	198	301.1	1224.5	-247.25	33.29	0.53	2135
colight	TEST	198	268.0	100.0	-237.81	45.29	0.61	1483
colight	TRAIN	199	348.0	1273.9	-170.89	31.21	0.55	2533
colight	TEST	199	165.6	100.0	-261.12	32.45	0.45	1445
